2025-06-23 19:52:58,167 - INFO - ŒÚÔ‡‚ÎˇÂÏ Á‡ÔÓÒ Ì‡ https://klg.quizplease.ru/schedule?QpGameSearch%5Bformat%5D=0
2025-06-23 19:52:59,080 - INFO - Õ‡È‰ÂÌÓ 10 ·ÎÓÍÓ‚ Ò Ë„‡ÏË
2025-06-23 19:52:59,082 - INFO - ƒÓ·‡‚ÎÂÌ‡ Ë„‡:  ‚ËÁ, ÔÎËÁ! KLG (25 Ë˛Ìˇ, —Â‰‡)
2025-06-23 19:52:59,083 - INFO - ƒÓ·‡‚ÎÂÌ‡ Ë„‡:  ‚ËÁ, ÔÎËÁ! KLG (2 Ë˛Îˇ, —Â‰‡)
2025-06-23 19:52:59,085 - INFO - ƒÓ·‡‚ÎÂÌ‡ Ë„‡:  ‚ËÁ, ÔÎËÁ! KLG (9 Ë˛Îˇ, —Â‰‡)
2025-06-23 19:52:59,087 - INFO - —Óı‡ÌÂÌÓ 3 ÍÎ‡ÒÒË˜ÂÒÍËı Ë„ ‚ data/classic_games.json
2025-06-23 19:54:37,013 - INFO - ŒÚÔ‡‚ÎˇÂÏ Á‡ÔÓÒ Ì‡ https://klg.quizplease.ru/schedule?QpGameSearch%5Bformat%5D=0
2025-06-23 19:54:38,857 - INFO - Õ‡È‰ÂÌÓ 10 ·ÎÓÍÓ‚ Ò Ë„‡ÏË
2025-06-23 19:54:38,860 - INFO - ƒÓ·‡‚ÎÂÌ‡ Ë„‡:  ‚ËÁ, ÔÎËÁ! KLG (25 Ë˛Ìˇ, —Â‰‡)
2025-06-23 19:54:38,862 - INFO - ƒÓ·‡‚ÎÂÌ‡ Ë„‡:  ‚ËÁ, ÔÎËÁ! KLG (2 Ë˛Îˇ, —Â‰‡)
2025-06-23 19:54:38,863 - INFO - ƒÓ·‡‚ÎÂÌ‡ Ë„‡:  ‚ËÁ, ÔÎËÁ! KLG (9 Ë˛Îˇ, —Â‰‡)
2025-06-23 19:54:38,865 - INFO - —Óı‡ÌÂÌÓ 3 ÍÎ‡ÒÒË˜ÂÒÍËı Ë„ ‚ data/classic_games.json
2025-10-28 07:32:13,434 - INFO - ŒÚÔ‡‚ÎˇÂÏ Á‡ÔÓÒ Ì‡ https://klg.quizplease.ru/schedule?QpGameSearch%5Bformat%5D=0
2025-10-28 07:32:14,490 - INFO - Õ‡È‰ÂÌÓ 11 ·ÎÓÍÓ‚ Ò Ë„‡ÏË
2025-10-28 07:32:14,491 - INFO - ƒÓ·‡‚ÎÂÌ‡ Ë„‡:  ‚ËÁ, ÔÎËÁ! KLG (29 ÓÍÚˇ·ˇ, —Â‰‡)
2025-10-28 07:32:14,492 - INFO - ƒÓ·‡‚ÎÂÌ‡ Ë„‡:  ‚ËÁ, ÔÎËÁ! KLG (5 ÌÓˇ·ˇ, —Â‰‡)
2025-10-28 07:32:14,495 - INFO - ƒÓ·‡‚ÎÂÌ‡ Ë„‡:  ‚ËÁ, ÔÎËÁ! KLG (12 ÌÓˇ·ˇ, —Â‰‡)
2025-10-28 07:32:14,498 - INFO - —Óı‡ÌÂÌÓ 3 ÍÎ‡ÒÒË˜ÂÒÍËı Ë„ ‚ data/classic_games.json
2025-12-20 15:11:02,993 - INFO - ŒÚÔ‡‚ÎˇÂÏ Á‡ÔÓÒ Ì‡ https://klg.quizplease.ru/schedule?QpGameSearch%5Bformat%5D=0
2025-12-20 15:11:04,502 - INFO - Õ‡È‰ÂÌÓ 18 ·ÎÓÍÓ‚ Ò Ë„‡ÏË
2025-12-20 15:11:04,506 - INFO - ƒÓ·‡‚ÎÂÌ‡ Ë„‡:  ‚ËÁ, ÔÎËÁ! KLG (24 ‰ÂÍ‡·ˇ, —Â‰‡)
2025-12-20 15:11:04,507 - INFO - ƒÓ·‡‚ÎÂÌ‡ Ë„‡:  ‚ËÁ, ÔÎËÁ! KLG (4 ˇÌ‚‡ˇ, ¬ÓÒÍÂÒÂÌ¸Â)
2025-12-20 15:11:04,509 - INFO - ƒÓ·‡‚ÎÂÌ‡ Ë„‡:  ‚ËÁ, ÔÎËÁ! KLG (11 ˇÌ‚‡ˇ, ¬ÓÒÍÂÒÂÌ¸Â)
2025-12-20 15:11:04,511 - INFO - —Óı‡ÌÂÌÓ 3 ÍÎ‡ÒÒË˜ÂÒÍËı Ë„ ‚ data/classic_games.json
2025-12-20 15:43:14,760 - __main__ - INFO - ============================================================
2025-12-20 15:43:14,762 - __main__ - INFO - –ó–∞–ø—É—Å–∫ –ø–∞—Ä—Å–µ—Ä–∞ –∫–ª–∞—Å—Å–∏—á–µ—Å–∫–∏—Ö –∏–≥—Ä '–ö–≤–∏–∑, –ø–ª–∏–∑! KLG'
2025-12-20 15:43:14,763 - __main__ - INFO - –ö–æ—Ä–Ω–µ–≤–∞—è –¥–∏—Ä–µ–∫—Ç–æ—Ä–∏—è: d:\–ù–µ—Ç–æ–ª–æ–≥–∏—è\quizplease_autoreg
2025-12-20 15:43:14,764 - __main__ - INFO - –î–∏—Ä–µ–∫—Ç–æ—Ä–∏—è –¥–∞–Ω–Ω—ã—Ö: d:\–ù–µ—Ç–æ–ª–æ–≥–∏—è\quizplease_autoreg\data
2025-12-20 15:43:14,765 - __main__ - INFO - –î–∏—Ä–µ–∫—Ç–æ—Ä–∏—è –ª–æ–≥–æ–≤: d:\–ù–µ—Ç–æ–ª–æ–≥–∏—è\quizplease_autoreg\logs
2025-12-20 15:43:14,766 - __main__ - INFO - ============================================================
2025-12-20 15:43:14,766 - __main__ - INFO - –ù–∞—á–∏–Ω–∞–µ–º –ø–∞—Ä—Å–∏–Ω–≥ —Å—Ç—Ä–∞–Ω–∏—Ü—ã: https://klg.quizplease.ru/schedule?QpGameSearch%5Bformat%5D=0
2025-12-20 15:43:16,158 - __main__ - INFO - –ù–∞–π–¥–µ–Ω–æ 18 –±–ª–æ–∫–æ–≤ —Å –∏–≥—Ä–∞–º–∏
2025-12-20 15:43:16,163 - __main__ - INFO - –£—Å–ø–µ—à–Ω–æ –æ–±—Ä–∞–±–æ—Ç–∞–Ω–æ 3 –∫–ª–∞—Å—Å–∏—á–µ—Å–∫–∏—Ö –∏–≥—Ä '–ö–≤–∏–∑, –ø–ª–∏–∑! KLG'
2025-12-20 15:43:16,165 - __main__ - INFO - –°–æ—Ö—Ä–∞–Ω–µ–Ω–æ 3 –∏–≥—Ä –≤ d:\–ù–µ—Ç–æ–ª–æ–≥–∏—è\quizplease_autoreg\data\classic_games.json
2025-12-20 15:43:16,166 - __main__ - INFO - ‚úì –î–∞–Ω–Ω—ã–µ —É—Å–ø–µ—à–Ω–æ —Å–æ—Ö—Ä–∞–Ω–µ–Ω—ã –≤ —Ñ–∞–π–ª: d:\–ù–µ—Ç–æ–ª–æ–≥–∏—è\quizplease_autoreg\data\classic_games.json
2025-12-20 15:43:16,166 - __main__ - INFO - –û—Ç—Ñ–∏–ª—å—Ç—Ä–æ–≤–∞–Ω–æ 0 –∏–≥—Ä —Å –¥–æ—Å—Ç—É–ø–Ω–æ—Å—Ç—å—é 'active'
2025-12-20 15:43:16,166 - __main__ - INFO - –û—Ç—Ñ–∏–ª—å—Ç—Ä–æ–≤–∞–Ω–æ 3 –∏–≥—Ä —Å –¥–æ—Å—Ç—É–ø–Ω–æ—Å—Ç—å—é 'reserve'
2025-12-20 15:43:16,167 - __main__ - INFO - –û—Ç—Ñ–∏–ª—å—Ç—Ä–æ–≤–∞–Ω–æ 0 –∏–≥—Ä —Å –¥–æ—Å—Ç—É–ø–Ω–æ—Å—Ç—å—é 'unknown'
2025-12-20 15:43:16,167 - __main__ - INFO - 
========================================
2025-12-20 15:43:16,168 - __main__ - INFO - –°–¢–ê–¢–ò–°–¢–ò–ö–ê –ü–ê–†–°–ò–ù–ì–ê:
2025-12-20 15:43:16,168 - __main__ - INFO - ========================================
2025-12-20 15:43:16,170 - __main__ - INFO - –í—Å–µ–≥–æ –Ω–∞–π–¥–µ–Ω–æ –∫–ª–∞—Å—Å–∏—á–µ—Å–∫–∏—Ö –∏–≥—Ä: 3
2025-12-20 15:43:16,170 - __main__ - INFO - ‚úì –î–æ—Å—Ç—É–ø–Ω—ã–µ –¥–ª—è –∑–∞–ø–∏—Å–∏: 0
2025-12-20 15:43:16,170 - __main__ - INFO - ‚ö†Ô∏è  –ó–∞–ø–∏—Å—å –≤ —Ä–µ–∑–µ—Ä–≤: 3
2025-12-20 15:43:16,171 - __main__ - INFO - ‚ùì –ù–µ–∏–∑–≤–µ—Å—Ç–Ω—ã–π —Å—Ç–∞—Ç—É—Å: 0
2025-12-20 15:43:16,171 - __main__ - INFO - 
========================================
2025-12-20 15:43:16,171 - __main__ - INFO - –ò–ì–†–´ –î–õ–Ø –ó–ê–ü–ò–°–ò –í –†–ï–ó–ï–†–í:
2025-12-20 15:43:16,172 - __main__ - INFO - ========================================
2025-12-20 15:43:16,172 - __main__ - INFO - 1. –ö–≤–∏–∑, –ø–ª–∏–∑! KLG #499
2025-12-20 15:43:16,172 - __main__ - INFO -    –î–∞—Ç–∞: 24 –¥–µ–∫–∞–±—Ä—è, –°—Ä–µ–¥–∞ –≤ 19:30
2025-12-20 15:43:16,173 - __main__ - INFO -    –ú–µ—Å—Ç–æ: –ü–∞–± "–û–≤–µ—Ä—Ç–∞–π–º"
2025-12-20 15:43:16,173 - __main__ - INFO -    –°—Ç–∞—Ç—É—Å: –ù–µ—Ç –º–µ—Å—Ç! –ù–æ –º–æ–∂–Ω–æ –∑–∞–ø–∏—Å–∞—Ç—å—Å—è –≤ —Ä–µ–∑–µ—Ä–≤
2025-12-20 15:43:16,173 - __main__ - INFO -    –ö–Ω–æ–ø–∫–∞: –ó–∞–ø–∏—Å–∞—Ç—å—Å—è –≤ —Ä–µ–∑–µ—Ä–≤
2025-12-20 15:43:16,174 - __main__ - INFO -    –¢–∏–ø: RESERVE
2025-12-20 15:43:16,174 - __main__ - INFO -    ID: 118320
2025-12-20 15:43:16,175 - __main__ - INFO -    ------------------------------
2025-12-20 15:43:16,175 - __main__ - INFO - 2. –ö–≤–∏–∑, –ø–ª–∏–∑! KLG #500
2025-12-20 15:43:16,176 - __main__ - INFO -    –î–∞—Ç–∞: 4 —è–Ω–≤–∞—Ä—è, –í–æ—Å–∫—Ä–µ—Å–µ–Ω—å–µ –≤ 15:00
2025-12-20 15:43:16,176 - __main__ - INFO -    –ú–µ—Å—Ç–æ: –ü–∞–± "–û–≤–µ—Ä—Ç–∞–π–º"
2025-12-20 15:43:16,177 - __main__ - INFO -    –°—Ç–∞—Ç—É—Å: –ù–µ—Ç –º–µ—Å—Ç! –ù–æ –º–æ–∂–Ω–æ –∑–∞–ø–∏—Å–∞—Ç—å—Å—è –≤ —Ä–µ–∑–µ—Ä–≤
2025-12-20 15:43:16,177 - __main__ - INFO -    –ö–Ω–æ–ø–∫–∞: –ó–∞–ø–∏—Å–∞—Ç—å—Å—è –≤ —Ä–µ–∑–µ—Ä–≤
2025-12-20 15:43:16,177 - __main__ - INFO -    –¢–∏–ø: RESERVE
2025-12-20 15:43:16,178 - __main__ - INFO -    ID: 118689
2025-12-20 15:43:16,180 - __main__ - INFO -    ------------------------------
2025-12-20 15:43:16,181 - __main__ - INFO - 3. –ö–≤–∏–∑, –ø–ª–∏–∑! KLG #502
2025-12-20 15:43:16,181 - __main__ - INFO -    –î–∞—Ç–∞: 11 —è–Ω–≤–∞—Ä—è, –í–æ—Å–∫—Ä–µ—Å–µ–Ω—å–µ –≤ 18:00
2025-12-20 15:43:16,182 - __main__ - INFO -    –ú–µ—Å—Ç–æ: –ü–∞–± "–û–≤–µ—Ä—Ç–∞–π–º"
2025-12-20 15:43:16,183 - __main__ - INFO -    –°—Ç–∞—Ç—É—Å: –ù–µ—Ç –º–µ—Å—Ç! –ù–æ –º–æ–∂–Ω–æ –∑–∞–ø–∏—Å–∞—Ç—å—Å—è –≤ —Ä–µ–∑–µ—Ä–≤
2025-12-20 15:43:16,183 - __main__ - INFO -    –ö–Ω–æ–ø–∫–∞: –ó–∞–ø–∏—Å–∞—Ç—å—Å—è –≤ —Ä–µ–∑–µ—Ä–≤
2025-12-20 15:43:16,184 - __main__ - INFO -    –¢–∏–ø: RESERVE
2025-12-20 15:43:16,184 - __main__ - INFO -    ID: 118733
2025-12-20 15:43:16,184 - __main__ - INFO -    ------------------------------
2025-12-20 15:43:16,185 - __main__ - INFO - 
============================================================
2025-12-20 15:43:16,185 - __main__ - INFO - –ü–∞—Ä—Å–∏–Ω–≥ –∑–∞–≤–µ—Ä—à—ë–Ω —É—Å–ø–µ—à–Ω–æ!
2025-12-20 15:43:16,185 - __main__ - INFO - ============================================================
2025-12-20 23:16:37,126 - __main__ - INFO - ============================================================
2025-12-20 23:16:37,128 - __main__ - INFO - –ó–∞–ø—É—Å–∫ –ø–∞—Ä—Å–µ—Ä–∞ –∫–ª–∞—Å—Å–∏—á–µ—Å–∫–∏—Ö –∏–≥—Ä '–ö–≤–∏–∑, –ø–ª–∏–∑! KLG'
2025-12-20 23:16:37,129 - __main__ - INFO - –ö–æ—Ä–Ω–µ–≤–∞—è –¥–∏—Ä–µ–∫—Ç–æ—Ä–∏—è: C:\Users\nebus\Netology\My projects\quizplease_autoreg
2025-12-20 23:16:37,129 - __main__ - INFO - –î–∏—Ä–µ–∫—Ç–æ—Ä–∏—è –¥–∞–Ω–Ω—ã—Ö: C:\Users\nebus\Netology\My projects\quizplease_autoreg\data
2025-12-20 23:16:37,129 - __main__ - INFO - –î–∏—Ä–µ–∫—Ç–æ—Ä–∏—è –ª–æ–≥–æ–≤: C:\Users\nebus\Netology\My projects\quizplease_autoreg\logs
2025-12-20 23:16:37,129 - __main__ - INFO - ============================================================
2025-12-20 23:16:37,130 - __main__ - INFO - –ù–∞—á–∏–Ω–∞–µ–º –ø–∞—Ä—Å–∏–Ω–≥ —Å—Ç—Ä–∞–Ω–∏—Ü—ã: https://klg.quizplease.ru/schedule?QpGameSearch%5Bformat%5D=0
2025-12-20 23:16:38,485 - __main__ - INFO - –ù–∞–π–¥–µ–Ω–æ 18 –±–ª–æ–∫–æ–≤ —Å –∏–≥—Ä–∞–º–∏
2025-12-20 23:16:38,500 - __main__ - INFO - –£—Å–ø–µ—à–Ω–æ –æ–±—Ä–∞–±–æ—Ç–∞–Ω–æ 3 –∫–ª–∞—Å—Å–∏—á–µ—Å–∫–∏—Ö –∏–≥—Ä '–ö–≤–∏–∑, –ø–ª–∏–∑! KLG'
2025-12-20 23:16:38,503 - __main__ - INFO - –°–æ—Ö—Ä–∞–Ω–µ–Ω–æ 3 –∏–≥—Ä –≤ C:\Users\nebus\Netology\My projects\quizplease_autoreg\data\classic_games.json
2025-12-20 23:16:38,503 - __main__ - INFO - ‚úì –î–∞–Ω–Ω—ã–µ —É—Å–ø–µ—à–Ω–æ —Å–æ—Ö—Ä–∞–Ω–µ–Ω—ã –≤ —Ñ–∞–π–ª: C:\Users\nebus\Netology\My projects\quizplease_autoreg\data\classic_games.json
2025-12-20 23:16:38,504 - __main__ - INFO - –û—Ç—Ñ–∏–ª—å—Ç—Ä–æ–≤–∞–Ω–æ 0 –∏–≥—Ä —Å –¥–æ—Å—Ç—É–ø–Ω–æ—Å—Ç—å—é 'active'
2025-12-20 23:16:38,504 - __main__ - INFO - –û—Ç—Ñ–∏–ª—å—Ç—Ä–æ–≤–∞–Ω–æ 3 –∏–≥—Ä —Å –¥–æ—Å—Ç—É–ø–Ω–æ—Å—Ç—å—é 'reserve'
2025-12-20 23:16:38,504 - __main__ - INFO - –û—Ç—Ñ–∏–ª—å—Ç—Ä–æ–≤–∞–Ω–æ 0 –∏–≥—Ä —Å –¥–æ—Å—Ç—É–ø–Ω–æ—Å—Ç—å—é 'unknown'
2025-12-20 23:16:38,504 - __main__ - INFO - 
========================================
2025-12-20 23:16:38,504 - __main__ - INFO - –°–¢–ê–¢–ò–°–¢–ò–ö–ê –ü–ê–†–°–ò–ù–ì–ê:
2025-12-20 23:16:38,505 - __main__ - INFO - ========================================
2025-12-20 23:16:38,505 - __main__ - INFO - –í—Å–µ–≥–æ –Ω–∞–π–¥–µ–Ω–æ –∫–ª–∞—Å—Å–∏—á–µ—Å–∫–∏—Ö –∏–≥—Ä: 3
2025-12-20 23:16:38,505 - __main__ - INFO - ‚úì –î–æ—Å—Ç—É–ø–Ω—ã–µ –¥–ª—è –∑–∞–ø–∏—Å–∏: 0
2025-12-20 23:16:38,505 - __main__ - INFO - ‚ö†Ô∏è  –ó–∞–ø–∏—Å—å –≤ —Ä–µ–∑–µ—Ä–≤: 3
2025-12-20 23:16:38,506 - __main__ - INFO - ‚ùì –ù–µ–∏–∑–≤–µ—Å—Ç–Ω—ã–π —Å—Ç–∞—Ç—É—Å: 0
2025-12-20 23:16:38,506 - __main__ - INFO - 
========================================
2025-12-20 23:16:38,506 - __main__ - INFO - –ò–ì–†–´ –î–õ–Ø –ó–ê–ü–ò–°–ò –í –†–ï–ó–ï–†–í:
2025-12-20 23:16:38,506 - __main__ - INFO - ========================================
2025-12-20 23:16:38,507 - __main__ - INFO - 1. –ö–≤–∏–∑, –ø–ª–∏–∑! KLG #499
2025-12-20 23:16:38,507 - __main__ - INFO -    –î–∞—Ç–∞: 24 –¥–µ–∫–∞–±—Ä—è, –°—Ä–µ–¥–∞ –≤ 19:30
2025-12-20 23:16:38,507 - __main__ - INFO -    –ú–µ—Å—Ç–æ: –ü–∞–± "–û–≤–µ—Ä—Ç–∞–π–º"
2025-12-20 23:16:38,507 - __main__ - INFO -    –°—Ç–∞—Ç—É—Å: –ù–µ—Ç –º–µ—Å—Ç! –ù–æ –º–æ–∂–Ω–æ –∑–∞–ø–∏—Å–∞—Ç—å—Å—è –≤ —Ä–µ–∑–µ—Ä–≤
2025-12-20 23:16:38,508 - __main__ - INFO -    –ö–Ω–æ–ø–∫–∞: –ó–∞–ø–∏—Å–∞—Ç—å—Å—è –≤ —Ä–µ–∑–µ—Ä–≤
2025-12-20 23:16:38,508 - __main__ - INFO -    –¢–∏–ø: RESERVE
2025-12-20 23:16:38,508 - __main__ - INFO -    ID: 118320
2025-12-20 23:16:38,508 - __main__ - INFO -    ------------------------------
2025-12-20 23:16:38,509 - __main__ - INFO - 2. –ö–≤–∏–∑, –ø–ª–∏–∑! KLG #500
2025-12-20 23:16:38,509 - __main__ - INFO -    –î–∞—Ç–∞: 4 —è–Ω–≤–∞—Ä—è, –í–æ—Å–∫—Ä–µ—Å–µ–Ω—å–µ –≤ 15:00
2025-12-20 23:16:38,509 - __main__ - INFO -    –ú–µ—Å—Ç–æ: –ü–∞–± "–û–≤–µ—Ä—Ç–∞–π–º"
2025-12-20 23:16:38,509 - __main__ - INFO -    –°—Ç–∞—Ç—É—Å: –ù–µ—Ç –º–µ—Å—Ç! –ù–æ –º–æ–∂–Ω–æ –∑–∞–ø–∏—Å–∞—Ç—å—Å—è –≤ —Ä–µ–∑–µ—Ä–≤
2025-12-20 23:16:38,509 - __main__ - INFO -    –ö–Ω–æ–ø–∫–∞: –ó–∞–ø–∏—Å–∞—Ç—å—Å—è –≤ —Ä–µ–∑–µ—Ä–≤
2025-12-20 23:16:38,510 - __main__ - INFO -    –¢–∏–ø: RESERVE
2025-12-20 23:16:38,510 - __main__ - INFO -    ID: 118689
2025-12-20 23:16:38,510 - __main__ - INFO -    ------------------------------
2025-12-20 23:16:38,510 - __main__ - INFO - 3. –ö–≤–∏–∑, –ø–ª–∏–∑! KLG #502
2025-12-20 23:16:38,511 - __main__ - INFO -    –î–∞—Ç–∞: 11 —è–Ω–≤–∞—Ä—è, –í–æ—Å–∫—Ä–µ—Å–µ–Ω—å–µ –≤ 18:00
2025-12-20 23:16:38,511 - __main__ - INFO -    –ú–µ—Å—Ç–æ: –ü–∞–± "–û–≤–µ—Ä—Ç–∞–π–º"
2025-12-20 23:16:38,511 - __main__ - INFO -    –°—Ç–∞—Ç—É—Å: –ù–µ—Ç –º–µ—Å—Ç! –ù–æ –º–æ–∂–Ω–æ –∑–∞–ø–∏—Å–∞—Ç—å—Å—è –≤ —Ä–µ–∑–µ—Ä–≤
2025-12-20 23:16:38,512 - __main__ - INFO -    –ö–Ω–æ–ø–∫–∞: –ó–∞–ø–∏—Å–∞—Ç—å—Å—è –≤ —Ä–µ–∑–µ—Ä–≤
2025-12-20 23:16:38,512 - __main__ - INFO -    –¢–∏–ø: RESERVE
2025-12-20 23:16:38,512 - __main__ - INFO -    ID: 118733
2025-12-20 23:16:38,512 - __main__ - INFO -    ------------------------------
2025-12-20 23:16:38,512 - __main__ - INFO - 
============================================================
2025-12-20 23:16:38,513 - __main__ - INFO - –ü–∞—Ä—Å–∏–Ω–≥ –∑–∞–≤–µ—Ä—à—ë–Ω —É—Å–ø–µ—à–Ω–æ!
2025-12-20 23:16:38,513 - __main__ - INFO - ============================================================
2025-12-20 23:18:55,078 - __main__ - INFO - ============================================================
2025-12-20 23:18:55,079 - __main__ - INFO - –ó–∞–ø—É—Å–∫ –ø–∞—Ä—Å–µ—Ä–∞ –∫–ª–∞—Å—Å–∏—á–µ—Å–∫–∏—Ö –∏–≥—Ä '–ö–≤–∏–∑, –ø–ª–∏–∑! KLG'
2025-12-20 23:18:55,079 - __main__ - INFO - –ö–æ—Ä–Ω–µ–≤–∞—è –¥–∏—Ä–µ–∫—Ç–æ—Ä–∏—è: C:\Users\nebus\Netology\My projects\quizplease_autoreg
2025-12-20 23:18:55,079 - __main__ - INFO - –î–∏—Ä–µ–∫—Ç–æ—Ä–∏—è –¥–∞–Ω–Ω—ã—Ö: C:\Users\nebus\Netology\My projects\quizplease_autoreg\data
2025-12-20 23:18:55,079 - __main__ - INFO - –î–∏—Ä–µ–∫—Ç–æ—Ä–∏—è –ª–æ–≥–æ–≤: C:\Users\nebus\Netology\My projects\quizplease_autoreg\logs
2025-12-20 23:18:55,079 - __main__ - INFO - ============================================================
2025-12-20 23:18:55,080 - __main__ - INFO - –ù–∞—á–∏–Ω–∞–µ–º –ø–∞—Ä—Å–∏–Ω–≥ —Å—Ç—Ä–∞–Ω–∏—Ü—ã: https://klg.quizplease.ru/schedule?QpGameSearch%5Bformat%5D=0
2025-12-20 23:18:59,643 - __main__ - INFO - –ù–∞–π–¥–µ–Ω–æ 18 –±–ª–æ–∫–æ–≤ —Å –∏–≥—Ä–∞–º–∏
2025-12-20 23:18:59,650 - __main__ - INFO - –£—Å–ø–µ—à–Ω–æ –æ–±—Ä–∞–±–æ—Ç–∞–Ω–æ 3 –∫–ª–∞—Å—Å–∏—á–µ—Å–∫–∏—Ö –∏–≥—Ä '–ö–≤–∏–∑, –ø–ª–∏–∑! KLG'
2025-12-20 23:18:59,657 - __main__ - INFO - –°–æ—Ö—Ä–∞–Ω–µ–Ω–æ 3 –∏–≥—Ä –≤ C:\Users\nebus\Netology\My projects\quizplease_autoreg\data\classic_games.json
2025-12-20 23:18:59,657 - __main__ - INFO - ‚úì –î–∞–Ω–Ω—ã–µ —É—Å–ø–µ—à–Ω–æ —Å–æ—Ö—Ä–∞–Ω–µ–Ω—ã –≤ —Ñ–∞–π–ª: C:\Users\nebus\Netology\My projects\quizplease_autoreg\data\classic_games.json
2025-12-20 23:18:59,658 - __main__ - INFO - –û—Ç—Ñ–∏–ª—å—Ç—Ä–æ–≤–∞–Ω–æ 0 –∏–≥—Ä —Å –¥–æ—Å—Ç—É–ø–Ω–æ—Å—Ç—å—é 'active'
2025-12-20 23:18:59,658 - __main__ - INFO - –û—Ç—Ñ–∏–ª—å—Ç—Ä–æ–≤–∞–Ω–æ 3 –∏–≥—Ä —Å –¥–æ—Å—Ç—É–ø–Ω–æ—Å—Ç—å—é 'reserve'
2025-12-20 23:18:59,658 - __main__ - INFO - –û—Ç—Ñ–∏–ª—å—Ç—Ä–æ–≤–∞–Ω–æ 0 –∏–≥—Ä —Å –¥–æ—Å—Ç—É–ø–Ω–æ—Å—Ç—å—é 'unknown'
2025-12-20 23:18:59,658 - __main__ - INFO - 
========================================
2025-12-20 23:18:59,658 - __main__ - INFO - –°–¢–ê–¢–ò–°–¢–ò–ö–ê –ü–ê–†–°–ò–ù–ì–ê:
2025-12-20 23:18:59,658 - __main__ - INFO - ========================================
2025-12-20 23:18:59,659 - __main__ - INFO - –í—Å–µ–≥–æ –Ω–∞–π–¥–µ–Ω–æ –∫–ª–∞—Å—Å–∏—á–µ—Å–∫–∏—Ö –∏–≥—Ä: 3
2025-12-20 23:18:59,659 - __main__ - INFO - ‚úì –î–æ—Å—Ç—É–ø–Ω—ã–µ –¥–ª—è –∑–∞–ø–∏—Å–∏: 0
2025-12-20 23:18:59,659 - __main__ - INFO - ‚ö†Ô∏è  –ó–∞–ø–∏—Å—å –≤ —Ä–µ–∑–µ—Ä–≤: 3
2025-12-20 23:18:59,659 - __main__ - INFO - ‚ùì –ù–µ–∏–∑–≤–µ—Å—Ç–Ω—ã–π —Å—Ç–∞—Ç—É—Å: 0
2025-12-20 23:18:59,659 - __main__ - INFO - 
========================================
2025-12-20 23:18:59,659 - __main__ - INFO - –ò–ì–†–´ –î–õ–Ø –ó–ê–ü–ò–°–ò –í –†–ï–ó–ï–†–í:
2025-12-20 23:18:59,660 - __main__ - INFO - ========================================
2025-12-20 23:18:59,660 - __main__ - INFO - 1. –ö–≤–∏–∑, –ø–ª–∏–∑! KLG #499
2025-12-20 23:18:59,660 - __main__ - INFO -    –î–∞—Ç–∞: 24 –¥–µ–∫–∞–±—Ä—è, –°—Ä–µ–¥–∞ –≤ 19:30
2025-12-20 23:18:59,661 - __main__ - INFO -    –ú–µ—Å—Ç–æ: –ü–∞–± "–û–≤–µ—Ä—Ç–∞–π–º"
2025-12-20 23:18:59,661 - __main__ - INFO -    –°—Ç–∞—Ç—É—Å: –ù–µ—Ç –º–µ—Å—Ç! –ù–æ –º–æ–∂–Ω–æ –∑–∞–ø–∏—Å–∞—Ç—å—Å—è –≤ —Ä–µ–∑–µ—Ä–≤
2025-12-20 23:18:59,661 - __main__ - INFO -    –ö–Ω–æ–ø–∫–∞: –ó–∞–ø–∏—Å–∞—Ç—å—Å—è –≤ —Ä–µ–∑–µ—Ä–≤
2025-12-20 23:18:59,661 - __main__ - INFO -    –¢–∏–ø: RESERVE
2025-12-20 23:18:59,661 - __main__ - INFO -    ID: 118320
2025-12-20 23:18:59,661 - __main__ - INFO -    ------------------------------
2025-12-20 23:18:59,661 - __main__ - INFO - 2. –ö–≤–∏–∑, –ø–ª–∏–∑! KLG #500
2025-12-20 23:18:59,662 - __main__ - INFO -    –î–∞—Ç–∞: 4 —è–Ω–≤–∞—Ä—è, –í–æ—Å–∫—Ä–µ—Å–µ–Ω—å–µ –≤ 15:00
2025-12-20 23:18:59,662 - __main__ - INFO -    –ú–µ—Å—Ç–æ: –ü–∞–± "–û–≤–µ—Ä—Ç–∞–π–º"
2025-12-20 23:18:59,662 - __main__ - INFO -    –°—Ç–∞—Ç—É—Å: –ù–µ—Ç –º–µ—Å—Ç! –ù–æ –º–æ–∂–Ω–æ –∑–∞–ø–∏—Å–∞—Ç—å—Å—è –≤ —Ä–µ–∑–µ—Ä–≤
2025-12-20 23:18:59,663 - __main__ - INFO -    –ö–Ω–æ–ø–∫–∞: –ó–∞–ø–∏—Å–∞—Ç—å—Å—è –≤ —Ä–µ–∑–µ—Ä–≤
2025-12-20 23:18:59,663 - __main__ - INFO -    –¢–∏–ø: RESERVE
2025-12-20 23:18:59,663 - __main__ - INFO -    ID: 118689
2025-12-20 23:18:59,663 - __main__ - INFO -    ------------------------------
2025-12-20 23:18:59,663 - __main__ - INFO - 3. –ö–≤–∏–∑, –ø–ª–∏–∑! KLG #502
2025-12-20 23:18:59,664 - __main__ - INFO -    –î–∞—Ç–∞: 11 —è–Ω–≤–∞—Ä—è, –í–æ—Å–∫—Ä–µ—Å–µ–Ω—å–µ –≤ 18:00
2025-12-20 23:18:59,664 - __main__ - INFO -    –ú–µ—Å—Ç–æ: –ü–∞–± "–û–≤–µ—Ä—Ç–∞–π–º"
2025-12-20 23:18:59,664 - __main__ - INFO -    –°—Ç–∞—Ç—É—Å: –ù–µ—Ç –º–µ—Å—Ç! –ù–æ –º–æ–∂–Ω–æ –∑–∞–ø–∏—Å–∞—Ç—å—Å—è –≤ —Ä–µ–∑–µ—Ä–≤
2025-12-20 23:18:59,664 - __main__ - INFO -    –ö–Ω–æ–ø–∫–∞: –ó–∞–ø–∏—Å–∞—Ç—å—Å—è –≤ —Ä–µ–∑–µ—Ä–≤
2025-12-20 23:18:59,664 - __main__ - INFO -    –¢–∏–ø: RESERVE
2025-12-20 23:18:59,664 - __main__ - INFO -    ID: 118733
2025-12-20 23:18:59,664 - __main__ - INFO -    ------------------------------
2025-12-20 23:18:59,665 - __main__ - INFO - 
============================================================
2025-12-20 23:18:59,665 - __main__ - INFO - –ü–∞—Ä—Å–∏–Ω–≥ –∑–∞–≤–µ—Ä—à—ë–Ω —É—Å–ø–µ—à–Ω–æ!
2025-12-20 23:18:59,665 - __main__ - INFO - ============================================================
2025-12-20 23:30:02,084 - __main__ - INFO - ============================================================
2025-12-20 23:30:02,084 - __main__ - INFO - –ó–∞–ø—É—Å–∫ –ø–∞—Ä—Å–µ—Ä–∞ –∫–ª–∞—Å—Å–∏—á–µ—Å–∫–∏—Ö –∏–≥—Ä '–ö–≤–∏–∑, –ø–ª–∏–∑! KLG'
2025-12-20 23:30:02,084 - __main__ - INFO - –ö–æ—Ä–Ω–µ–≤–∞—è –¥–∏—Ä–µ–∫—Ç–æ—Ä–∏—è: C:\Users\nebus\Netology\My projects\quizplease_autoreg
2025-12-20 23:30:02,085 - __main__ - INFO - –î–∏—Ä–µ–∫—Ç–æ—Ä–∏—è –¥–∞–Ω–Ω—ã—Ö: C:\Users\nebus\Netology\My projects\quizplease_autoreg\data
2025-12-20 23:30:02,085 - __main__ - INFO - –î–∏—Ä–µ–∫—Ç–æ—Ä–∏—è –ª–æ–≥–æ–≤: C:\Users\nebus\Netology\My projects\quizplease_autoreg\logs
2025-12-20 23:30:02,085 - __main__ - INFO - ============================================================
2025-12-20 23:30:02,085 - __main__ - INFO - –ù–∞—á–∏–Ω–∞–µ–º –ø–∞—Ä—Å–∏–Ω–≥ —Å—Ç—Ä–∞–Ω–∏—Ü—ã: https://klg.quizplease.ru/schedule?QpGameSearch%5Bformat%5D=0
2025-12-20 23:30:03,434 - __main__ - INFO - –ù–∞–π–¥–µ–Ω–æ 18 –±–ª–æ–∫–æ–≤ —Å –∏–≥—Ä–∞–º–∏
2025-12-20 23:30:03,439 - __main__ - INFO - –£—Å–ø–µ—à–Ω–æ –æ–±—Ä–∞–±–æ—Ç–∞–Ω–æ 3 –∫–ª–∞—Å—Å–∏—á–µ—Å–∫–∏—Ö –∏–≥—Ä '–ö–≤–∏–∑, –ø–ª–∏–∑! KLG'
2025-12-20 23:30:03,449 - __main__ - INFO - –°–æ—Ö—Ä–∞–Ω–µ–Ω–æ 3 –∏–≥—Ä –≤ C:\Users\nebus\Netology\My projects\quizplease_autoreg\data\classic_games.json
2025-12-20 23:30:03,450 - __main__ - INFO - ‚úì –î–∞–Ω–Ω—ã–µ —É—Å–ø–µ—à–Ω–æ —Å–æ—Ö—Ä–∞–Ω–µ–Ω—ã –≤ —Ñ–∞–π–ª: C:\Users\nebus\Netology\My projects\quizplease_autoreg\data\classic_games.json
2025-12-20 23:30:03,450 - __main__ - INFO - –û—Ç—Ñ–∏–ª—å—Ç—Ä–æ–≤–∞–Ω–æ 0 –∏–≥—Ä —Å –¥–æ—Å—Ç—É–ø–Ω–æ—Å—Ç—å—é 'active'
2025-12-20 23:30:03,450 - __main__ - INFO - –û—Ç—Ñ–∏–ª—å—Ç—Ä–æ–≤–∞–Ω–æ 3 –∏–≥—Ä —Å –¥–æ—Å—Ç—É–ø–Ω–æ—Å—Ç—å—é 'reserve'
2025-12-20 23:30:03,450 - __main__ - INFO - –û—Ç—Ñ–∏–ª—å—Ç—Ä–æ–≤–∞–Ω–æ 0 –∏–≥—Ä —Å –¥–æ—Å—Ç—É–ø–Ω–æ—Å—Ç—å—é 'unknown'
2025-12-20 23:30:03,450 - __main__ - INFO - 
========================================
2025-12-20 23:30:03,450 - __main__ - INFO - –°–¢–ê–¢–ò–°–¢–ò–ö–ê –ü–ê–†–°–ò–ù–ì–ê:
2025-12-20 23:30:03,450 - __main__ - INFO - ========================================
2025-12-20 23:30:03,450 - __main__ - INFO - –í—Å–µ–≥–æ –Ω–∞–π–¥–µ–Ω–æ –∫–ª–∞—Å—Å–∏—á–µ—Å–∫–∏—Ö –∏–≥—Ä: 3
2025-12-20 23:30:03,450 - __main__ - INFO - ‚úì –î–æ—Å—Ç—É–ø–Ω—ã–µ –¥–ª—è –∑–∞–ø–∏—Å–∏: 0
2025-12-20 23:30:03,450 - __main__ - INFO - ‚ö†Ô∏è  –ó–∞–ø–∏—Å—å –≤ —Ä–µ–∑–µ—Ä–≤: 3
2025-12-20 23:30:03,451 - __main__ - INFO - ‚ùì –ù–µ–∏–∑–≤–µ—Å—Ç–Ω—ã–π —Å—Ç–∞—Ç—É—Å: 0
2025-12-20 23:30:03,451 - __main__ - INFO - 
========================================
2025-12-20 23:30:03,451 - __main__ - INFO - –ò–ì–†–´ –î–õ–Ø –ó–ê–ü–ò–°–ò –í –†–ï–ó–ï–†–í:
2025-12-20 23:30:03,451 - __main__ - INFO - ========================================
2025-12-20 23:30:03,451 - __main__ - INFO - 1. –ö–≤–∏–∑, –ø–ª–∏–∑! KLG #499
2025-12-20 23:30:03,451 - __main__ - INFO -    –î–∞—Ç–∞: 24 –¥–µ–∫–∞–±—Ä—è, –°—Ä–µ–¥–∞ –≤ 19:30
2025-12-20 23:30:03,451 - __main__ - INFO -    –ú–µ—Å—Ç–æ: –ü–∞–± "–û–≤–µ—Ä—Ç–∞–π–º"
2025-12-20 23:30:03,451 - __main__ - INFO -    –°—Ç–∞—Ç—É—Å: –ù–µ—Ç –º–µ—Å—Ç! –ù–æ –º–æ–∂–Ω–æ –∑–∞–ø–∏—Å–∞—Ç—å—Å—è –≤ —Ä–µ–∑–µ—Ä–≤
2025-12-20 23:30:03,451 - __main__ - INFO -    –ö–Ω–æ–ø–∫–∞: –ó–∞–ø–∏—Å–∞—Ç—å—Å—è –≤ —Ä–µ–∑–µ—Ä–≤
2025-12-20 23:30:03,451 - __main__ - INFO -    –¢–∏–ø: RESERVE
2025-12-20 23:30:03,452 - __main__ - INFO -    ID: 118320
2025-12-20 23:30:03,452 - __main__ - INFO -    ------------------------------
2025-12-20 23:30:03,452 - __main__ - INFO - 2. –ö–≤–∏–∑, –ø–ª–∏–∑! KLG #500
2025-12-20 23:30:03,453 - __main__ - INFO -    –î–∞—Ç–∞: 4 —è–Ω–≤–∞—Ä—è, –í–æ—Å–∫—Ä–µ—Å–µ–Ω—å–µ –≤ 15:00
2025-12-20 23:30:03,453 - __main__ - INFO -    –ú–µ—Å—Ç–æ: –ü–∞–± "–û–≤–µ—Ä—Ç–∞–π–º"
2025-12-20 23:30:03,453 - __main__ - INFO -    –°—Ç–∞—Ç—É—Å: –ù–µ—Ç –º–µ—Å—Ç! –ù–æ –º–æ–∂–Ω–æ –∑–∞–ø–∏—Å–∞—Ç—å—Å—è –≤ —Ä–µ–∑–µ—Ä–≤
2025-12-20 23:30:03,454 - __main__ - INFO -    –ö–Ω–æ–ø–∫–∞: –ó–∞–ø–∏—Å–∞—Ç—å—Å—è –≤ —Ä–µ–∑–µ—Ä–≤
2025-12-20 23:30:03,454 - __main__ - INFO -    –¢–∏–ø: RESERVE
2025-12-20 23:30:03,454 - __main__ - INFO -    ID: 118689
2025-12-20 23:30:03,454 - __main__ - INFO -    ------------------------------
2025-12-20 23:30:03,454 - __main__ - INFO - 3. –ö–≤–∏–∑, –ø–ª–∏–∑! KLG #502
2025-12-20 23:30:03,454 - __main__ - INFO -    –î–∞—Ç–∞: 11 —è–Ω–≤–∞—Ä—è, –í–æ—Å–∫—Ä–µ—Å–µ–Ω—å–µ –≤ 18:00
2025-12-20 23:30:03,454 - __main__ - INFO -    –ú–µ—Å—Ç–æ: –ü–∞–± "–û–≤–µ—Ä—Ç–∞–π–º"
2025-12-20 23:30:03,455 - __main__ - INFO -    –°—Ç–∞—Ç—É—Å: –ù–µ—Ç –º–µ—Å—Ç! –ù–æ –º–æ–∂–Ω–æ –∑–∞–ø–∏—Å–∞—Ç—å—Å—è –≤ —Ä–µ–∑–µ—Ä–≤
2025-12-20 23:30:03,455 - __main__ - INFO -    –ö–Ω–æ–ø–∫–∞: –ó–∞–ø–∏—Å–∞—Ç—å—Å—è –≤ —Ä–µ–∑–µ—Ä–≤
2025-12-20 23:30:03,455 - __main__ - INFO -    –¢–∏–ø: RESERVE
2025-12-20 23:30:03,455 - __main__ - INFO -    ID: 118733
2025-12-20 23:30:03,456 - __main__ - INFO -    ------------------------------
2025-12-20 23:30:03,456 - __main__ - INFO - 
============================================================
2025-12-20 23:30:03,456 - __main__ - INFO - –ü–∞—Ä—Å–∏–Ω–≥ –∑–∞–≤–µ—Ä—à—ë–Ω —É—Å–ø–µ—à–Ω–æ!
2025-12-20 23:30:03,457 - __main__ - INFO - ============================================================
2025-12-20 23:55:57,266 - __main__ - INFO - ‚úì –£–≤–µ–¥–æ–º–ª–µ–Ω–∏—è –≤ Telegram –≤–∫–ª—é—á–µ–Ω—ã
2025-12-20 23:55:58,200 - __main__ - INFO - ‚úì –ë–æ—Ç @quizplease_parser_bot —É—Å–ø–µ—à–Ω–æ –ø–æ–¥–∫–ª—é—á–µ–Ω
2025-12-20 23:55:58,202 - __main__ - INFO - ============================================================
2025-12-20 23:55:58,202 - __main__ - INFO - –ó–∞–ø—É—Å–∫ –º–æ–Ω–∏—Ç–æ—Ä–∏–Ω–≥–∞ –∫–ª–∞—Å—Å–∏—á–µ—Å–∫–∏—Ö –∏–≥—Ä '–ö–≤–∏–∑, –ø–ª–∏–∑! KLG'
2025-12-20 23:55:58,202 - __main__ - INFO - ============================================================
2025-12-20 23:55:58,219 - __main__ - INFO - –ó–∞–≥—Ä—É–∂–µ–Ω–æ 3 –∏–≥—Ä –∏–∑ C:\Users\nebus\Netology\My projects\quizplease_autoreg\data\classic_games.json
2025-12-20 23:55:58,220 - __main__ - INFO - –ù–∞—á–∏–Ω–∞–µ–º –ø–∞—Ä—Å–∏–Ω–≥ —Å—Ç—Ä–∞–Ω–∏—Ü—ã: https://klg.quizplease.ru/schedule?QpGameSearch%5Bformat%5D=0
2025-12-20 23:55:59,395 - __main__ - INFO - –ù–∞–π–¥–µ–Ω–æ 18 –±–ª–æ–∫–æ–≤ —Å –∏–≥—Ä–∞–º–∏
2025-12-20 23:55:59,448 - __main__ - INFO - –£—Å–ø–µ—à–Ω–æ –æ–±—Ä–∞–±–æ—Ç–∞–Ω–æ 7 –∫–ª–∞—Å—Å–∏—á–µ—Å–∫–∏—Ö –∏–≥—Ä '–ö–≤–∏–∑, –ø–ª–∏–∑! KLG'
2025-12-20 23:55:59,452 - __main__ - INFO - –°–æ—Ö—Ä–∞–Ω–µ–Ω–æ 7 –∏–≥—Ä –≤ C:\Users\nebus\Netology\My projects\quizplease_autoreg\data\classic_games.json
2025-12-20 23:55:59,452 - __main__ - INFO - –ù–∞–π–¥–µ–Ω–æ 7 –Ω–æ–≤—ã—Ö –∏–≥—Ä
2025-12-20 23:55:59,452 - __main__ - INFO - –ù–∞–π–¥–µ–Ω–æ 0 –∏–≥—Ä —Å –∏–∑–º–µ–Ω–µ–Ω–Ω—ã–º —Å—Ç–∞—Ç—É—Å–æ–º
2025-12-20 23:56:02,693 - __main__ - INFO - ‚úì –£–≤–µ–¥–æ–º–ª–µ–Ω–∏–µ –æ–± –∏–≥—Ä–µ #1 –æ—Ç–ø—Ä–∞–≤–ª–µ–Ω–æ –≤ Telegram
2025-12-20 23:56:03,631 - __main__ - INFO - ‚úì –£–≤–µ–¥–æ–º–ª–µ–Ω–∏–µ –æ–± –∏–≥—Ä–µ #499 –æ—Ç–ø—Ä–∞–≤–ª–µ–Ω–æ –≤ Telegram
2025-12-20 23:56:04,518 - __main__ - INFO - ‚úì –£–≤–µ–¥–æ–º–ª–µ–Ω–∏–µ –æ–± –∏–≥—Ä–µ #2 –æ—Ç–ø—Ä–∞–≤–ª–µ–Ω–æ –≤ Telegram
2025-12-20 23:56:04,519 - __main__ - INFO - 
==================================================
2025-12-20 23:56:04,519 - __main__ - INFO - –°–¢–ê–¢–ò–°–¢–ò–ö–ê –ú–û–ù–ò–¢–û–†–ò–ù–ì–ê:
2025-12-20 23:56:04,519 - __main__ - INFO - ==================================================
2025-12-20 23:56:04,520 - __main__ - INFO - –í—Å–µ–≥–æ –∏–≥—Ä: 7
2025-12-20 23:56:04,520 - __main__ - INFO - ‚úì –î–æ—Å—Ç—É–ø–Ω—ã–µ –¥–ª—è –∑–∞–ø–∏—Å–∏: 1
2025-12-20 23:56:04,520 - __main__ - INFO - ‚ö†Ô∏è  –ó–∞–ø–∏—Å—å –≤ —Ä–µ–∑–µ—Ä–≤: 6
2025-12-20 23:56:04,521 - __main__ - INFO - ‚ùì –ù–µ–∏–∑–≤–µ—Å—Ç–Ω—ã–π —Å—Ç–∞—Ç—É—Å: 0
2025-12-20 23:56:04,521 - __main__ - INFO - üéâ –ù–æ–≤—ã–µ –∏–≥—Ä—ã: 7
2025-12-20 23:56:04,521 - __main__ - INFO - üîÑ –ò–≥—Ä—ã —Å –∏–∑–º–µ–Ω–µ–Ω–Ω—ã–º —Å—Ç–∞—Ç—É—Å–æ–º: 0
2025-12-20 23:56:04,522 - __main__ - INFO - ==================================================
2025-12-20 23:56:04,523 - __main__ - INFO - –ú–æ–Ω–∏—Ç–æ—Ä–∏–Ω–≥ –∑–∞–≤–µ—Ä—à—ë–Ω —É—Å–ø–µ—à–Ω–æ!
2025-12-20 23:56:04,524 - __main__ - INFO - ==================================================
2025-12-21 00:04:29,517 - __main__ - INFO - ‚úì –£–≤–µ–¥–æ–º–ª–µ–Ω–∏—è –≤ Telegram –≤–∫–ª—é—á–µ–Ω—ã
2025-12-21 00:04:30,492 - __main__ - INFO - ‚úì –ë–æ—Ç @quizplease_parser_bot —É—Å–ø–µ—à–Ω–æ –ø–æ–¥–∫–ª—é—á–µ–Ω
2025-12-21 00:04:30,496 - __main__ - INFO - –û—Ç–ø—Ä–∞–≤–∫–∞ —Ç–µ—Å—Ç–æ–≤–æ–≥–æ —Å–æ–æ–±—â–µ–Ω–∏—è...
2025-12-21 00:04:31,393 - __main__ - INFO - ============================================================
2025-12-21 00:04:31,394 - __main__ - INFO - –ó–∞–ø—É—Å–∫ –º–æ–Ω–∏—Ç–æ—Ä–∏–Ω–≥–∞ –∫–ª–∞—Å—Å–∏—á–µ—Å–∫–∏—Ö –∏–≥—Ä '–ö–≤–∏–∑, –ø–ª–∏–∑! KLG'
2025-12-21 00:04:31,394 - __main__ - INFO - ============================================================
2025-12-21 00:04:31,395 - __main__ - INFO - –ó–∞–≥—Ä—É–∂–µ–Ω–æ 7 –∏–≥—Ä –∏–∑ C:\Users\nebus\Netology\My projects\quizplease_autoreg\data\classic_games.json
2025-12-21 00:04:31,396 - __main__ - INFO - –ù–∞—á–∏–Ω–∞–µ–º –ø–∞—Ä—Å–∏–Ω–≥ —Å—Ç—Ä–∞–Ω–∏—Ü—ã: https://klg.quizplease.ru/schedule?QpGameSearch%5Bformat%5D=0
2025-12-21 00:04:32,701 - __main__ - INFO - –ù–∞–π–¥–µ–Ω–æ 18 –±–ª–æ–∫–æ–≤ —Å –∏–≥—Ä–∞–º–∏
2025-12-21 00:04:32,761 - __main__ - INFO - –£—Å–ø–µ—à–Ω–æ –æ–±—Ä–∞–±–æ—Ç–∞–Ω–æ 7 –∫–ª–∞—Å—Å–∏—á–µ—Å–∫–∏—Ö –∏–≥—Ä '–ö–≤–∏–∑, –ø–ª–∏–∑! KLG'
2025-12-21 00:04:32,767 - __main__ - INFO - –°–æ—Ö—Ä–∞–Ω–µ–Ω–æ 7 –∏–≥—Ä –≤ C:\Users\nebus\Netology\My projects\quizplease_autoreg\data\classic_games.json
2025-12-21 00:04:32,768 - __main__ - INFO - –ù–∞–π–¥–µ–Ω–æ 7 –Ω–æ–≤—ã—Ö –∏–≥—Ä
2025-12-21 00:04:32,768 - __main__ - INFO - –ù–∞–π–¥–µ–Ω–æ 0 –∏–≥—Ä —Å –∏–∑–º–µ–Ω–µ–Ω–Ω—ã–º —Å—Ç–∞—Ç—É—Å–æ–º
2025-12-21 00:04:35,802 - __main__ - INFO - ‚úì –£–≤–µ–¥–æ–º–ª–µ–Ω–∏–µ –æ–± –∏–≥—Ä–µ #1 –æ—Ç–ø—Ä–∞–≤–ª–µ–Ω–æ –≤ Telegram
2025-12-21 00:04:36,775 - __main__ - INFO - ‚úì –£–≤–µ–¥–æ–º–ª–µ–Ω–∏–µ –æ–± –∏–≥—Ä–µ #499 –æ—Ç–ø—Ä–∞–≤–ª–µ–Ω–æ –≤ Telegram
2025-12-21 00:04:37,846 - __main__ - INFO - ‚úì –£–≤–µ–¥–æ–º–ª–µ–Ω–∏–µ –æ–± –∏–≥—Ä–µ #2 –æ—Ç–ø—Ä–∞–≤–ª–µ–Ω–æ –≤ Telegram
2025-12-21 00:04:41,071 - __main__ - INFO - ‚úì –£–≤–µ–¥–æ–º–ª–µ–Ω–∏–µ –æ–± –∏–≥—Ä–µ #4 –æ—Ç–ø—Ä–∞–≤–ª–µ–Ω–æ –≤ Telegram
2025-12-21 00:04:41,072 - __main__ - INFO - 
==================================================
2025-12-21 00:04:41,072 - __main__ - INFO - –°–¢–ê–¢–ò–°–¢–ò–ö–ê –ú–û–ù–ò–¢–û–†–ò–ù–ì–ê:
2025-12-21 00:04:41,073 - __main__ - INFO - ==================================================
2025-12-21 00:04:41,075 - __main__ - INFO - –í—Å–µ–≥–æ –∏–≥—Ä: 7
2025-12-21 00:04:41,076 - __main__ - INFO - ‚úÖ –î–æ—Å—Ç—É–ø–Ω—ã–µ –¥–ª—è –∑–∞–ø–∏—Å–∏: 1
2025-12-21 00:04:41,078 - __main__ - INFO - ‚ö†Ô∏è  –ó–∞–ø–∏—Å—å –≤ —Ä–µ–∑–µ—Ä–≤: 6
2025-12-21 00:04:41,079 - __main__ - INFO - ‚ùì –ù–µ–∏–∑–≤–µ—Å—Ç–Ω—ã–π —Å—Ç–∞—Ç—É—Å: 0
2025-12-21 00:04:41,080 - __main__ - INFO - üéâ –ù–æ–≤—ã–µ –∏–≥—Ä—ã: 7
2025-12-21 00:04:41,080 - __main__ - INFO - üîÑ –ò–≥—Ä—ã —Å –∏–∑–º–µ–Ω–µ–Ω–Ω—ã–º —Å—Ç–∞—Ç—É—Å–æ–º: 0
2025-12-21 00:04:41,081 - __main__ - INFO - ==================================================
2025-12-21 00:04:41,081 - __main__ - INFO - –ú–æ–Ω–∏—Ç–æ—Ä–∏–Ω–≥ –∑–∞–≤–µ—Ä—à—ë–Ω —É—Å–ø–µ—à–Ω–æ!
2025-12-21 00:04:41,082 - __main__ - INFO - ==================================================
2025-12-21 00:14:58,700 - __main__ - INFO - ‚úì –£–≤–µ–¥–æ–º–ª–µ–Ω–∏—è –≤ Telegram –≤–∫–ª—é—á–µ–Ω—ã
2025-12-21 00:14:59,634 - __main__ - INFO - ‚úì –ë–æ—Ç @quizplease_parser_bot —É—Å–ø–µ—à–Ω–æ –ø–æ–¥–∫–ª—é—á–µ–Ω
2025-12-21 00:14:59,635 - __main__ - INFO - –û—Ç–ø—Ä–∞–≤–∫–∞ —Ç–µ—Å—Ç–æ–≤–æ–≥–æ —Å–æ–æ–±—â–µ–Ω–∏—è...
2025-12-21 00:15:00,604 - __main__ - INFO - ============================================================
2025-12-21 00:15:00,604 - __main__ - INFO - –ó–∞–ø—É—Å–∫ –º–æ–Ω–∏—Ç–æ—Ä–∏–Ω–≥–∞ –∫–ª–∞—Å—Å–∏—á–µ—Å–∫–∏—Ö –∏–≥—Ä '–ö–≤–∏–∑, –ø–ª–∏–∑! KLG'
2025-12-21 00:15:00,605 - __main__ - INFO - ============================================================
2025-12-21 00:15:00,608 - __main__ - INFO - –ó–∞–≥—Ä—É–∂–µ–Ω–æ 7 –∏–≥—Ä –∏–∑ C:\Users\nebus\Netology\My projects\quizplease_autoreg\data\classic_games.json
2025-12-21 00:15:00,609 - __main__ - INFO - –ù–∞—á–∏–Ω–∞–µ–º –ø–∞—Ä—Å–∏–Ω–≥ —Å—Ç—Ä–∞–Ω–∏—Ü—ã: https://klg.quizplease.ru/schedule?QpGameSearch%5Bformat%5D=0
2025-12-21 00:15:01,849 - __main__ - INFO - –ù–∞–π–¥–µ–Ω–æ 18 –±–ª–æ–∫–æ–≤ —Å –∏–≥—Ä–∞–º–∏
2025-12-21 00:15:01,912 - __main__ - INFO - –£—Å–ø–µ—à–Ω–æ –æ–±—Ä–∞–±–æ—Ç–∞–Ω–æ 7 –∫–ª–∞—Å—Å–∏—á–µ—Å–∫–∏—Ö –∏–≥—Ä '–ö–≤–∏–∑, –ø–ª–∏–∑! KLG'
2025-12-21 00:15:01,922 - __main__ - INFO - –°–æ—Ö—Ä–∞–Ω–µ–Ω–æ 7 –∏–≥—Ä –≤ C:\Users\nebus\Netology\My projects\quizplease_autoreg\data\classic_games.json
2025-12-21 00:15:01,923 - __main__ - INFO - –ù–∞–π–¥–µ–Ω–æ 1 –Ω–æ–≤—ã—Ö –∏–≥—Ä
2025-12-21 00:15:01,923 - __main__ - INFO - –ò–≥—Ä —Å –∏–∑–º–µ–Ω–µ–Ω–Ω—ã–º —Å—Ç–∞—Ç—É—Å–æ–º –Ω–µ –Ω–∞–π–¥–µ–Ω–æ
2025-12-21 00:15:05,271 - __main__ - INFO - ‚úì –£–≤–µ–¥–æ–º–ª–µ–Ω–∏–µ –æ–± –∏–≥—Ä–µ #4 –æ—Ç–ø—Ä–∞–≤–ª–µ–Ω–æ –≤ Telegram
2025-12-21 00:15:07,776 - __main__ - INFO - ‚úì –£–≤–µ–¥–æ–º–ª–µ–Ω–∏–µ –æ–± –∏–≥—Ä–µ #4 –æ—Ç–ø—Ä–∞–≤–ª–µ–Ω–æ –≤ Telegram
2025-12-21 00:15:07,782 - __main__ - INFO - 
==================================================
2025-12-21 00:15:07,783 - __main__ - INFO - –°–¢–ê–¢–ò–°–¢–ò–ö–ê –ú–û–ù–ò–¢–û–†–ò–ù–ì–ê:
2025-12-21 00:15:07,783 - __main__ - INFO - ==================================================
2025-12-21 00:15:07,783 - __main__ - INFO - –í—Å–µ–≥–æ –∏–≥—Ä: 7
2025-12-21 00:15:07,783 - __main__ - INFO - ‚úÖ –î–æ—Å—Ç—É–ø–Ω—ã–µ –¥–ª—è –∑–∞–ø–∏—Å–∏: 1
2025-12-21 00:15:07,783 - __main__ - INFO - ‚ö†Ô∏è  –ó–∞–ø–∏—Å—å –≤ —Ä–µ–∑–µ—Ä–≤: 6
2025-12-21 00:15:07,783 - __main__ - INFO - ‚ùì –ù–µ–∏–∑–≤–µ—Å—Ç–Ω—ã–π —Å—Ç–∞—Ç—É—Å: 0
2025-12-21 00:15:07,783 - __main__ - INFO - üéâ –ù–æ–≤—ã–µ –∏–≥—Ä—ã: 1
2025-12-21 00:15:07,784 - __main__ - INFO - üîÑ –ò–≥—Ä—ã —Å –∏–∑–º–µ–Ω–µ–Ω–Ω—ã–º —Å—Ç–∞—Ç—É—Å–æ–º: 0
2025-12-21 00:15:07,784 - __main__ - INFO - ==================================================
2025-12-21 00:15:07,784 - __main__ - INFO - –ú–æ–Ω–∏—Ç–æ—Ä–∏–Ω–≥ –∑–∞–≤–µ—Ä—à—ë–Ω —É—Å–ø–µ—à–Ω–æ!
2025-12-21 00:15:07,784 - __main__ - INFO - ==================================================
2025-12-21 00:23:49,799 - __main__ - INFO - ‚úì –£–≤–µ–¥–æ–º–ª–µ–Ω–∏—è –≤ Telegram –≤–∫–ª—é—á–µ–Ω—ã
2025-12-21 00:23:49,800 - __main__ - INFO - ‚úì –û—Ç—Å–ª–µ–∂–∏–≤–∞–µ–º —Ç–æ–ª—å–∫–æ –ö–õ–ê–°–°–ò–ß–ï–°–ö–ò–ï –∏–≥—Ä—ã
2025-12-21 00:23:50,833 - __main__ - INFO - ‚úì –ë–æ—Ç @quizplease_parser_bot —É—Å–ø–µ—à–Ω–æ –ø–æ–¥–∫–ª—é—á–µ–Ω
2025-12-21 00:23:50,834 - __main__ - INFO - –û—Ç–ø—Ä–∞–≤–∫–∞ —Ç–µ—Å—Ç–æ–≤–æ–≥–æ —Å–æ–æ–±—â–µ–Ω–∏—è...
2025-12-21 00:23:51,721 - __main__ - INFO - ============================================================
2025-12-21 00:23:51,722 - __main__ - INFO - –ó–∞–ø—É—Å–∫ –º–æ–Ω–∏—Ç–æ—Ä–∏–Ω–≥–∞ –ö–õ–ê–°–°–ò–ß–ï–°–ö–ò–• –∏–≥—Ä '–ö–≤–∏–∑, –ø–ª–∏–∑! KLG'
2025-12-21 00:23:51,722 - __main__ - INFO - ============================================================
2025-12-21 00:23:51,724 - __main__ - INFO - –ó–∞–≥—Ä—É–∂–µ–Ω–æ 7 –∫–ª–∞—Å—Å–∏—á–µ—Å–∫–∏—Ö –∏–≥—Ä –∏–∑ C:\Users\nebus\Netology\My projects\quizplease_autoreg\data\classic_games.json
2025-12-21 00:23:51,724 - __main__ - INFO - –ù–∞—á–∏–Ω–∞–µ–º –ø–∞—Ä—Å–∏–Ω–≥ —Å—Ç—Ä–∞–Ω–∏—Ü—ã: https://klg.quizplease.ru/schedule
2025-12-21 00:23:52,931 - __main__ - INFO - –ù–∞–π–¥–µ–Ω–æ 18 –±–ª–æ–∫–æ–≤ —Å –∏–≥—Ä–∞–º–∏
2025-12-21 00:23:52,948 - __main__ - INFO - –£—Å–ø–µ—à–Ω–æ –æ–±—Ä–∞–±–æ—Ç–∞–Ω–æ 3 –∫–ª–∞—Å—Å–∏—á–µ—Å–∫–∏—Ö –∏–≥—Ä '–ö–≤–∏–∑, –ø–ª–∏–∑! KLG'
2025-12-21 00:23:52,965 - __main__ - INFO - –°–æ—Ö—Ä–∞–Ω–µ–Ω–æ 3 –∫–ª–∞—Å—Å–∏—á–µ—Å–∫–∏—Ö –∏–≥—Ä –≤ C:\Users\nebus\Netology\My projects\quizplease_autoreg\data\classic_games.json
2025-12-21 00:23:52,966 - __main__ - INFO - –ù–æ–≤—ã—Ö –∫–ª–∞—Å—Å–∏—á–µ—Å–∫–∏—Ö –∏–≥—Ä –Ω–µ –Ω–∞–π–¥–µ–Ω–æ
2025-12-21 00:23:52,966 - __main__ - INFO - –ö–ª–∞—Å—Å–∏—á–µ—Å–∫–∏—Ö –∏–≥—Ä —Å –∏–∑–º–µ–Ω–µ–Ω–Ω—ã–º —Å—Ç–∞—Ç—É—Å–æ–º –Ω–µ –Ω–∞–π–¥–µ–Ω–æ
2025-12-21 00:23:53,944 - __main__ - INFO - 
==================================================
2025-12-21 00:23:53,945 - __main__ - INFO - –°–¢–ê–¢–ò–°–¢–ò–ö–ê –ú–û–ù–ò–¢–û–†–ò–ù–ì–ê –ö–õ–ê–°–°–ò–ß–ï–°–ö–ò–• –ò–ì–†:
2025-12-21 00:23:53,945 - __main__ - INFO - ==================================================
2025-12-21 00:23:53,945 - __main__ - INFO - –í—Å–µ–≥–æ –∫–ª–∞—Å—Å–∏—á–µ—Å–∫–∏—Ö –∏–≥—Ä: 3
2025-12-21 00:23:53,945 - __main__ - INFO - ‚úÖ –î–æ—Å—Ç—É–ø–Ω—ã–µ –¥–ª—è –∑–∞–ø–∏—Å–∏: 0
2025-12-21 00:23:53,945 - __main__ - INFO - ‚ö†Ô∏è  –ó–∞–ø–∏—Å—å –≤ —Ä–µ–∑–µ—Ä–≤: 3
2025-12-21 00:23:53,945 - __main__ - INFO - ‚ùì –ù–µ–∏–∑–≤–µ—Å—Ç–Ω—ã–π —Å—Ç–∞—Ç—É—Å: 0
2025-12-21 00:23:53,945 - __main__ - INFO - üéâ –ù–æ–≤—ã–µ –∏–≥—Ä—ã: 0
2025-12-21 00:23:53,946 - __main__ - INFO - üîÑ –ò–≥—Ä—ã —Å –∏–∑–º–µ–Ω–µ–Ω–Ω—ã–º —Å—Ç–∞—Ç—É—Å–æ–º: 0
2025-12-21 00:23:53,946 - __main__ - INFO - ==================================================
2025-12-21 00:23:53,946 - __main__ - INFO - –ú–æ–Ω–∏—Ç–æ—Ä–∏–Ω–≥ –∫–ª–∞—Å—Å–∏—á–µ—Å–∫–∏—Ö –∏–≥—Ä –∑–∞–≤–µ—Ä—à—ë–Ω —É—Å–ø–µ—à–Ω–æ!
2025-12-21 00:23:53,946 - __main__ - INFO - ==================================================
2025-12-21 00:33:07,701 - __main__ - INFO - ‚úì –£–≤–µ–¥–æ–º–ª–µ–Ω–∏—è –≤ Telegram –≤–∫–ª—é—á–µ–Ω—ã
2025-12-21 00:33:08,539 - __main__ - INFO - ‚úì –ë–æ—Ç @quizplease_parser_bot —É—Å–ø–µ—à–Ω–æ –ø–æ–¥–∫–ª—é—á–µ–Ω
2025-12-21 00:33:08,545 - __main__ - INFO - –û—Ç–ø—Ä–∞–≤–∫–∞ —Ç–µ—Å—Ç–æ–≤–æ–≥–æ —Å–æ–æ–±—â–µ–Ω–∏—è...
2025-12-21 00:33:09,367 - __main__ - INFO - ============================================================
2025-12-21 00:33:09,367 - __main__ - INFO - –ó–∞–ø—É—Å–∫ –º–æ–Ω–∏—Ç–æ—Ä–∏–Ω–≥–∞ –∏–≥—Ä '–ö–≤–∏–∑, –ø–ª–∏–∑! KLG'
2025-12-21 00:33:09,367 - __main__ - INFO - ============================================================
2025-12-21 00:33:09,368 - __main__ - INFO - –ó–∞–≥—Ä—É–∂–µ–Ω–æ 3 –∏–≥—Ä –∏–∑ C:\Users\nebus\Netology\My projects\quizplease_autoreg\data\classic_games.json
2025-12-21 00:33:09,368 - __main__ - INFO - –ù–∞—á–∏–Ω–∞–µ–º –ø–∞—Ä—Å–∏–Ω–≥ —Å—Ç—Ä–∞–Ω–∏—Ü—ã: https://klg.quizplease.ru/schedule
2025-12-21 00:33:10,576 - __main__ - INFO - –ù–∞–π–¥–µ–Ω–æ 18 –±–ª–æ–∫–æ–≤ —Å –∏–≥—Ä–∞–º–∏
2025-12-21 00:33:10,589 - __main__ - INFO - –£—Å–ø–µ—à–Ω–æ –æ–±—Ä–∞–±–æ—Ç–∞–Ω–æ 3 –∫–ª–∞—Å—Å–∏—á–µ—Å–∫–∏—Ö/–æ–±—ã—á–Ω—ã—Ö –∏–≥—Ä '–ö–≤–∏–∑, –ø–ª–∏–∑! KLG'
2025-12-21 00:33:10,599 - __main__ - INFO - –°–æ—Ö—Ä–∞–Ω–µ–Ω–æ 3 –∏–≥—Ä –≤ C:\Users\nebus\Netology\My projects\quizplease_autoreg\data\classic_games.json
2025-12-21 00:33:10,599 - __main__ - INFO - –ù–æ–≤—ã—Ö –∏–≥—Ä –Ω–µ –Ω–∞–π–¥–µ–Ω–æ
2025-12-21 00:33:10,599 - __main__ - INFO - –ò–≥—Ä —Å –∏–∑–º–µ–Ω–µ–Ω–Ω—ã–º —Å—Ç–∞—Ç—É—Å–æ–º –Ω–µ –Ω–∞–π–¥–µ–Ω–æ
2025-12-21 00:33:11,563 - __main__ - INFO - 
==================================================
2025-12-21 00:33:11,563 - __main__ - INFO - –°–¢–ê–¢–ò–°–¢–ò–ö–ê –ú–û–ù–ò–¢–û–†–ò–ù–ì–ê:
2025-12-21 00:33:11,564 - __main__ - INFO - ==================================================
2025-12-21 00:33:11,564 - __main__ - INFO - –í—Å–µ–≥–æ –∏–≥—Ä: 3
2025-12-21 00:33:11,564 - __main__ - INFO - ‚úÖ –î–æ—Å—Ç—É–ø–Ω—ã–µ –¥–ª—è –∑–∞–ø–∏—Å–∏: 0
2025-12-21 00:33:11,564 - __main__ - INFO - ‚ö†Ô∏è  –ó–∞–ø–∏—Å—å –≤ —Ä–µ–∑–µ—Ä–≤: 3
2025-12-21 00:33:11,564 - __main__ - INFO - ‚ùì –ù–µ–∏–∑–≤–µ—Å—Ç–Ω—ã–π —Å—Ç–∞—Ç—É—Å: 0
2025-12-21 00:33:11,564 - __main__ - INFO - üéâ –ù–æ–≤—ã–µ –∏–≥—Ä—ã: 0
2025-12-21 00:33:11,565 - __main__ - INFO - üîÑ –ò–≥—Ä—ã —Å –∏–∑–º–µ–Ω–µ–Ω–Ω—ã–º —Å—Ç–∞—Ç—É—Å–æ–º: 0
2025-12-21 00:33:11,565 - __main__ - INFO - ==================================================
2025-12-21 00:33:11,565 - __main__ - INFO - –ú–æ–Ω–∏—Ç–æ—Ä–∏–Ω–≥ –∑–∞–≤–µ—Ä—à—ë–Ω —É—Å–ø–µ—à–Ω–æ!
2025-12-21 00:33:11,565 - __main__ - INFO - ==================================================
2025-12-21 00:41:41,485 - __main__ - INFO - ‚úì –£–≤–µ–¥–æ–º–ª–µ–Ω–∏—è –≤ Telegram –≤–∫–ª—é—á–µ–Ω—ã
2025-12-21 00:41:42,394 - __main__ - INFO - ‚úì –ë–æ—Ç @quizplease_parser_bot —É—Å–ø–µ—à–Ω–æ –ø–æ–¥–∫–ª—é—á–µ–Ω
2025-12-21 00:41:42,398 - __main__ - INFO - –û—Ç–ø—Ä–∞–≤–∫–∞ —Ç–µ—Å—Ç–æ–≤–æ–≥–æ —Å–æ–æ–±—â–µ–Ω–∏—è...
2025-12-21 00:41:43,267 - __main__ - INFO - ============================================================
2025-12-21 00:41:43,268 - __main__ - INFO - –ó–∞–ø—É—Å–∫ –º–æ–Ω–∏—Ç–æ—Ä–∏–Ω–≥–∞ –∏–≥—Ä '–ö–≤–∏–∑, –ø–ª–∏–∑! KLG'
2025-12-21 00:41:43,268 - __main__ - INFO - ============================================================
2025-12-21 00:41:43,269 - __main__ - INFO - –ó–∞–≥—Ä—É–∂–µ–Ω–æ 3 –∏–≥—Ä –∏–∑ C:\Users\nebus\Netology\My projects\quizplease_autoreg\data\classic_games.json
2025-12-21 00:41:43,270 - __main__ - INFO - –ù–∞—á–∏–Ω–∞–µ–º –ø–∞—Ä—Å–∏–Ω–≥ —Å—Ç—Ä–∞–Ω–∏—Ü—ã: https://klg.quizplease.ru/schedule
2025-12-21 00:41:44,781 - __main__ - INFO - –ù–∞–π–¥–µ–Ω–æ 18 –±–ª–æ–∫–æ–≤ —Å –∏–≥—Ä–∞–º–∏
2025-12-21 00:41:44,799 - __main__ - INFO - –£—Å–ø–µ—à–Ω–æ –æ–±—Ä–∞–±–æ—Ç–∞–Ω–æ 3 –∫–ª–∞—Å—Å–∏—á–µ—Å–∫–∏—Ö/–æ–±—ã—á–Ω—ã—Ö –∏–≥—Ä '–ö–≤–∏–∑, –ø–ª–∏–∑! KLG'
2025-12-21 00:41:44,815 - __main__ - INFO - –°–æ—Ö—Ä–∞–Ω–µ–Ω–æ 3 –∏–≥—Ä –≤ C:\Users\nebus\Netology\My projects\quizplease_autoreg\data\classic_games.json
2025-12-21 00:41:44,816 - __main__ - INFO - –ù–æ–≤—ã—Ö –∏–≥—Ä –Ω–µ –Ω–∞–π–¥–µ–Ω–æ
2025-12-21 00:41:44,816 - __main__ - INFO - –ò–≥—Ä —Å –∏–∑–º–µ–Ω–µ–Ω–Ω—ã–º —Å—Ç–∞—Ç—É—Å–æ–º –Ω–µ –Ω–∞–π–¥–µ–Ω–æ
2025-12-21 00:41:47,134 - __main__ - INFO - –û—Ç–ø—Ä–∞–≤–∫–∞ –∏–≥—Ä—ã 1/3: #499
2025-12-21 00:41:48,368 - __main__ - INFO - ‚úì –£–≤–µ–¥–æ–º–ª–µ–Ω–∏–µ –æ–± –∏–≥—Ä–µ #499 –æ—Ç–ø—Ä–∞–≤–ª–µ–Ω–æ –≤ Telegram
2025-12-21 00:41:48,868 - __main__ - INFO - –û—Ç–ø—Ä–∞–≤–∫–∞ –∏–≥—Ä—ã 2/3: #500
2025-12-21 00:41:50,516 - __main__ - INFO - ‚úì –£–≤–µ–¥–æ–º–ª–µ–Ω–∏–µ –æ–± –∏–≥—Ä–µ #500 –æ—Ç–ø—Ä–∞–≤–ª–µ–Ω–æ –≤ Telegram
2025-12-21 00:41:51,017 - __main__ - INFO - –û—Ç–ø—Ä–∞–≤–∫–∞ –∏–≥—Ä—ã 3/3: #502
2025-12-21 00:41:52,162 - __main__ - INFO - ‚úì –£–≤–µ–¥–æ–º–ª–µ–Ω–∏–µ –æ–± –∏–≥—Ä–µ #502 –æ—Ç–ø—Ä–∞–≤–ª–µ–Ω–æ –≤ Telegram
2025-12-21 00:41:52,663 - __main__ - INFO - 
==================================================
2025-12-21 00:41:52,663 - __main__ - INFO - –°–¢–ê–¢–ò–°–¢–ò–ö–ê –ú–û–ù–ò–¢–û–†–ò–ù–ì–ê:
2025-12-21 00:41:52,664 - __main__ - INFO - ==================================================
2025-12-21 00:41:52,664 - __main__ - INFO - –í—Å–µ–≥–æ –∏–≥—Ä: 3
2025-12-21 00:41:52,664 - __main__ - INFO - ‚úÖ –î–æ—Å—Ç—É–ø–Ω—ã–µ –¥–ª—è –∑–∞–ø–∏—Å–∏: 0
2025-12-21 00:41:52,665 - __main__ - INFO - ‚ö†Ô∏è  –ó–∞–ø–∏—Å—å –≤ —Ä–µ–∑–µ—Ä–≤: 3
2025-12-21 00:41:52,665 - __main__ - INFO - ‚ùì –ù–µ–∏–∑–≤–µ—Å—Ç–Ω—ã–π —Å—Ç–∞—Ç—É—Å: 0
2025-12-21 00:41:52,665 - __main__ - INFO - üéâ –ù–æ–≤—ã–µ –∏–≥—Ä—ã: 0
2025-12-21 00:41:52,665 - __main__ - INFO - üîÑ –ò–≥—Ä—ã —Å –∏–∑–º–µ–Ω–µ–Ω–Ω—ã–º —Å—Ç–∞—Ç—É—Å–æ–º: 0
2025-12-21 00:41:52,666 - __main__ - INFO - ==================================================
2025-12-21 00:41:52,666 - __main__ - INFO - –ú–æ–Ω–∏—Ç–æ—Ä–∏–Ω–≥ –∑–∞–≤–µ—Ä—à—ë–Ω —É—Å–ø–µ—à–Ω–æ!
2025-12-21 00:41:52,666 - __main__ - INFO - ==================================================
2025-12-21 01:11:58,579 - __main__ - INFO - ‚úì –£–≤–µ–¥–æ–º–ª–µ–Ω–∏—è –≤ Telegram –≤–∫–ª—é—á–µ–Ω—ã
2025-12-21 01:11:59,283 - __main__ - INFO - ‚úì –ë–æ—Ç @quizplease_parser_bot —É—Å–ø–µ—à–Ω–æ –ø–æ–¥–∫–ª—é—á–µ–Ω
2025-12-21 01:11:59,284 - __main__ - INFO - –û—Ç–ø—Ä–∞–≤–∫–∞ —Ç–µ—Å—Ç–æ–≤–æ–≥–æ —Å–æ–æ–±—â–µ–Ω–∏—è...
2025-12-21 01:12:00,043 - __main__ - INFO - ============================================================
2025-12-21 01:12:00,044 - __main__ - INFO - –ó–∞–ø—É—Å–∫ –º–æ–Ω–∏—Ç–æ—Ä–∏–Ω–≥–∞ –∏–≥—Ä '–ö–≤–∏–∑, –ø–ª–∏–∑! KLG'
2025-12-21 01:12:00,044 - __main__ - INFO - ============================================================
2025-12-21 01:12:00,044 - __main__ - INFO - –ó–∞–≥—Ä—É–∂–µ–Ω–æ 3 –∏–≥—Ä –∏–∑ C:\Users\nebus\Netology\My projects\quizplease_autoreg\data\classic_games.json
2025-12-21 01:12:00,045 - __main__ - INFO - –ù–∞—á–∏–Ω–∞–µ–º –ø–∞—Ä—Å–∏–Ω–≥ —Å—Ç—Ä–∞–Ω–∏—Ü—ã: https://klg.quizplease.ru/schedule
2025-12-21 01:12:01,230 - __main__ - INFO - –ù–∞–π–¥–µ–Ω–æ 18 –±–ª–æ–∫–æ–≤ —Å –∏–≥—Ä–∞–º–∏
2025-12-21 01:12:01,241 - __main__ - INFO - –£—Å–ø–µ—à–Ω–æ –æ–±—Ä–∞–±–æ—Ç–∞–Ω–æ 3 –∫–ª–∞—Å—Å–∏—á–µ—Å–∫–∏—Ö/–æ–±—ã—á–Ω—ã—Ö –∏–≥—Ä '–ö–≤–∏–∑, –ø–ª–∏–∑! KLG'
2025-12-21 01:12:01,248 - __main__ - INFO - –°–æ—Ö—Ä–∞–Ω–µ–Ω–æ 3 –∏–≥—Ä –≤ C:\Users\nebus\Netology\My projects\quizplease_autoreg\data\classic_games.json
2025-12-21 01:12:01,248 - __main__ - INFO - –ù–æ–≤—ã—Ö –∏–≥—Ä –Ω–µ –Ω–∞–π–¥–µ–Ω–æ
2025-12-21 01:12:01,248 - __main__ - INFO - –ò–≥—Ä —Å –∏–∑–º–µ–Ω–µ–Ω–Ω—ã–º —Å—Ç–∞—Ç—É—Å–æ–º –Ω–µ –Ω–∞–π–¥–µ–Ω–æ
2025-12-21 01:12:02,954 - __main__ - INFO - –û—Ç–ø—Ä–∞–≤–∫–∞ –∏–≥—Ä—ã 1/3: #499
2025-12-21 01:12:03,931 - __main__ - INFO - ‚úì –£–≤–µ–¥–æ–º–ª–µ–Ω–∏–µ –æ–± –∏–≥—Ä–µ #499 –æ—Ç–ø—Ä–∞–≤–ª–µ–Ω–æ –≤ Telegram
2025-12-21 01:12:04,432 - __main__ - INFO - –û—Ç–ø—Ä–∞–≤–∫–∞ –∏–≥—Ä—ã 2/3: #500
2025-12-21 01:12:05,356 - __main__ - INFO - ‚úì –£–≤–µ–¥–æ–º–ª–µ–Ω–∏–µ –æ–± –∏–≥—Ä–µ #500 –æ—Ç–ø—Ä–∞–≤–ª–µ–Ω–æ –≤ Telegram
2025-12-21 01:12:05,858 - __main__ - INFO - –û—Ç–ø—Ä–∞–≤–∫–∞ –∏–≥—Ä—ã 3/3: #502
2025-12-21 01:12:06,767 - __main__ - INFO - ‚úì –£–≤–µ–¥–æ–º–ª–µ–Ω–∏–µ –æ–± –∏–≥—Ä–µ #502 –æ—Ç–ø—Ä–∞–≤–ª–µ–Ω–æ –≤ Telegram
2025-12-21 01:12:07,269 - __main__ - INFO - 
==================================================
2025-12-21 01:12:07,269 - __main__ - INFO - –°–¢–ê–¢–ò–°–¢–ò–ö–ê –ú–û–ù–ò–¢–û–†–ò–ù–ì–ê:
2025-12-21 01:12:07,269 - __main__ - INFO - ==================================================
2025-12-21 01:12:07,270 - __main__ - INFO - –í—Å–µ–≥–æ –∏–≥—Ä: 3
2025-12-21 01:12:07,270 - __main__ - INFO - ‚úÖ –î–æ—Å—Ç—É–ø–Ω—ã–µ –¥–ª—è –∑–∞–ø–∏—Å–∏: 0
2025-12-21 01:12:07,270 - __main__ - INFO - ‚ö†Ô∏è  –ó–∞–ø–∏—Å—å –≤ —Ä–µ–∑–µ—Ä–≤: 3
2025-12-21 01:12:07,271 - __main__ - INFO - ‚ùì –ù–µ–∏–∑–≤–µ—Å—Ç–Ω—ã–π —Å—Ç–∞—Ç—É—Å: 0
2025-12-21 01:12:07,271 - __main__ - INFO - üéâ –ù–æ–≤—ã–µ –∏–≥—Ä—ã: 0
2025-12-21 01:12:07,272 - __main__ - INFO - üîÑ –ò–≥—Ä—ã —Å –∏–∑–º–µ–Ω–µ–Ω–Ω—ã–º —Å—Ç–∞—Ç—É—Å–æ–º: 0
2025-12-21 01:12:07,272 - __main__ - INFO - ==================================================
2025-12-21 01:12:07,273 - __main__ - INFO - –ú–æ–Ω–∏—Ç–æ—Ä–∏–Ω–≥ –∑–∞–≤–µ—Ä—à—ë–Ω —É—Å–ø–µ—à–Ω–æ!
2025-12-21 01:12:07,273 - __main__ - INFO - ==================================================
2025-12-22 20:42:07,675 - __main__ - INFO - ‚úì –£–≤–µ–¥–æ–º–ª–µ–Ω–∏—è –≤ Telegram –≤–∫–ª—é—á–µ–Ω—ã
2025-12-22 20:42:08,419 - __main__ - INFO - ‚úì –ë–æ—Ç @quizplease_parser_bot —É—Å–ø–µ—à–Ω–æ –ø–æ–¥–∫–ª—é—á–µ–Ω
2025-12-22 20:42:08,421 - __main__ - INFO - –û—Ç–ø—Ä–∞–≤–∫–∞ —Ç–µ—Å—Ç–æ–≤–æ–≥–æ —Å–æ–æ–±—â–µ–Ω–∏—è...
2025-12-22 20:42:09,101 - __main__ - INFO - ============================================================
2025-12-22 20:42:09,101 - __main__ - INFO - –ó–∞–ø—É—Å–∫ –º–æ–Ω–∏—Ç–æ—Ä–∏–Ω–≥–∞ –∏–≥—Ä '–ö–≤–∏–∑, –ø–ª–∏–∑! KLG'
2025-12-22 20:42:09,101 - __main__ - INFO - ============================================================
2025-12-22 20:42:09,106 - __main__ - INFO - –ó–∞–≥—Ä—É–∂–µ–Ω–æ 3 –∏–≥—Ä –∏–∑ E:\My projects\quizplease_autoreg\data\classic_games.json
2025-12-22 20:42:09,106 - __main__ - INFO - –ù–∞—á–∏–Ω–∞–µ–º –ø–∞—Ä—Å–∏–Ω–≥ —Å—Ç—Ä–∞–Ω–∏—Ü—ã: https://klg.quizplease.ru/schedule
2025-12-22 20:42:10,113 - __main__ - INFO - –ù–∞–π–¥–µ–Ω–æ 15 –±–ª–æ–∫–æ–≤ —Å –∏–≥—Ä–∞–º–∏
2025-12-22 20:42:10,124 - __main__ - INFO - –£—Å–ø–µ—à–Ω–æ –æ–±—Ä–∞–±–æ—Ç–∞–Ω–æ 3 –∫–ª–∞—Å—Å–∏—á–µ—Å–∫–∏—Ö/–æ–±—ã—á–Ω—ã—Ö –∏–≥—Ä '–ö–≤–∏–∑, –ø–ª–∏–∑! KLG'
2025-12-22 20:42:10,214 - __main__ - INFO - –°–æ—Ö—Ä–∞–Ω–µ–Ω–æ 3 –∏–≥—Ä –≤ E:\My projects\quizplease_autoreg\data\classic_games.json
2025-12-22 20:42:10,216 - __main__ - INFO - –ù–∞–π–¥–µ–Ω–æ 1 –Ω–æ–≤—ã—Ö –∏–≥—Ä
2025-12-22 20:42:10,216 - __main__ - INFO - –ò–≥—Ä —Å –∏–∑–º–µ–Ω–µ–Ω–Ω—ã–º —Å—Ç–∞—Ç—É—Å–æ–º –Ω–µ –Ω–∞–π–¥–µ–Ω–æ
2025-12-22 20:42:11,557 - __main__ - INFO - –û—Ç–ø—Ä–∞–≤–∫–∞ –∏–≥—Ä—ã 1/3: #499
2025-12-22 20:42:12,251 - __main__ - INFO - ‚úì –£–≤–µ–¥–æ–º–ª–µ–Ω–∏–µ –æ–± –∏–≥—Ä–µ #499 –æ—Ç–ø—Ä–∞–≤–ª–µ–Ω–æ –≤ Telegram
2025-12-22 20:42:12,752 - __main__ - INFO - –û—Ç–ø—Ä–∞–≤–∫–∞ –∏–≥—Ä—ã 2/3: #500
2025-12-22 20:42:13,484 - __main__ - INFO - ‚úì –£–≤–µ–¥–æ–º–ª–µ–Ω–∏–µ –æ–± –∏–≥—Ä–µ #500 –æ—Ç–ø—Ä–∞–≤–ª–µ–Ω–æ –≤ Telegram
2025-12-22 20:42:13,985 - __main__ - INFO - –û—Ç–ø—Ä–∞–≤–∫–∞ –∏–≥—Ä—ã 3/3: #502
2025-12-22 20:42:14,688 - __main__ - INFO - ‚úì –£–≤–µ–¥–æ–º–ª–µ–Ω–∏–µ –æ–± –∏–≥—Ä–µ #502 –æ—Ç–ø—Ä–∞–≤–ª–µ–Ω–æ –≤ Telegram
2025-12-22 20:42:16,503 - __main__ - INFO - ‚úì –£–≤–µ–¥–æ–º–ª–µ–Ω–∏–µ –æ–± –∏–≥—Ä–µ #500 –æ—Ç–ø—Ä–∞–≤–ª–µ–Ω–æ –≤ Telegram
2025-12-22 20:42:16,804 - __main__ - INFO - 
==================================================
2025-12-22 20:42:16,805 - __main__ - INFO - –°–¢–ê–¢–ò–°–¢–ò–ö–ê –ú–û–ù–ò–¢–û–†–ò–ù–ì–ê:
2025-12-22 20:42:16,805 - __main__ - INFO - ==================================================
2025-12-22 20:42:16,805 - __main__ - INFO - –í—Å–µ–≥–æ –∏–≥—Ä: 3
2025-12-22 20:42:16,805 - __main__ - INFO - ‚úÖ –î–æ—Å—Ç—É–ø–Ω—ã–µ –¥–ª—è –∑–∞–ø–∏—Å–∏: 0
2025-12-22 20:42:16,805 - __main__ - INFO - ‚ö†Ô∏è  –ó–∞–ø–∏—Å—å –≤ —Ä–µ–∑–µ—Ä–≤: 3
2025-12-22 20:42:16,805 - __main__ - INFO - ‚ùì –ù–µ–∏–∑–≤–µ—Å—Ç–Ω—ã–π —Å—Ç–∞—Ç—É—Å: 0
2025-12-22 20:42:16,805 - __main__ - INFO - üéâ –ù–æ–≤—ã–µ –∏–≥—Ä—ã: 1
2025-12-22 20:42:16,805 - __main__ - INFO - üîÑ –ò–≥—Ä—ã —Å –∏–∑–º–µ–Ω–µ–Ω–Ω—ã–º —Å—Ç–∞—Ç—É—Å–æ–º: 0
2025-12-22 20:42:16,806 - __main__ - INFO - ==================================================
2025-12-22 20:42:16,806 - __main__ - INFO - –ú–æ–Ω–∏—Ç–æ—Ä–∏–Ω–≥ –∑–∞–≤–µ—Ä—à—ë–Ω —É—Å–ø–µ—à–Ω–æ!
2025-12-22 20:42:16,806 - __main__ - INFO - ==================================================
2025-12-22 20:44:37,524 - __main__ - INFO - ‚úì –£–≤–µ–¥–æ–º–ª–µ–Ω–∏—è –≤ Telegram –≤–∫–ª—é—á–µ–Ω—ã
2025-12-22 20:44:38,347 - __main__ - INFO - ‚úì –ë–æ—Ç @quizplease_parser_bot —É—Å–ø–µ—à–Ω–æ –ø–æ–¥–∫–ª—é—á–µ–Ω
2025-12-22 20:44:38,352 - __main__ - INFO - –û—Ç–ø—Ä–∞–≤–∫–∞ —Ç–µ—Å—Ç–æ–≤–æ–≥–æ —Å–æ–æ–±—â–µ–Ω–∏—è...
2025-12-22 20:44:39,063 - __main__ - INFO - ============================================================
2025-12-22 20:44:39,064 - __main__ - INFO - –ó–∞–ø—É—Å–∫ –º–æ–Ω–∏—Ç–æ—Ä–∏–Ω–≥–∞ –∏–≥—Ä '–ö–≤–∏–∑, –ø–ª–∏–∑! KLG'
2025-12-22 20:44:39,064 - __main__ - INFO - ============================================================
2025-12-22 20:44:39,065 - __main__ - INFO - –ó–∞–≥—Ä—É–∂–µ–Ω–æ 3 –∏–≥—Ä –∏–∑ D:\–ù–µ—Ç–æ–ª–æ–≥–∏—è\quizplease_autoreg\data\classic_games.json
2025-12-22 20:44:39,065 - __main__ - INFO - –ù–∞—á–∏–Ω–∞–µ–º –ø–∞—Ä—Å–∏–Ω–≥ —Å—Ç—Ä–∞–Ω–∏—Ü—ã: https://klg.quizplease.ru/schedule
2025-12-22 20:44:40,058 - __main__ - INFO - –ù–∞–π–¥–µ–Ω–æ 15 –±–ª–æ–∫–æ–≤ —Å –∏–≥—Ä–∞–º–∏
2025-12-22 20:44:40,068 - __main__ - INFO - –£—Å–ø–µ—à–Ω–æ –æ–±—Ä–∞–±–æ—Ç–∞–Ω–æ 3 –∫–ª–∞—Å—Å–∏—á–µ—Å–∫–∏—Ö/–æ–±—ã—á–Ω—ã—Ö –∏–≥—Ä '–ö–≤–∏–∑, –ø–ª–∏–∑! KLG'
2025-12-22 20:44:40,073 - __main__ - INFO - –°–æ—Ö—Ä–∞–Ω–µ–Ω–æ 3 –∏–≥—Ä –≤ D:\–ù–µ—Ç–æ–ª–æ–≥–∏—è\quizplease_autoreg\data\classic_games.json
2025-12-22 20:44:40,073 - __main__ - INFO - –ù–æ–≤—ã—Ö –∏–≥—Ä –Ω–µ –Ω–∞–π–¥–µ–Ω–æ
2025-12-22 20:44:40,073 - __main__ - INFO - –ò–≥—Ä —Å –∏–∑–º–µ–Ω–µ–Ω–Ω—ã–º —Å—Ç–∞—Ç—É—Å–æ–º –Ω–µ –Ω–∞–π–¥–µ–Ω–æ
2025-12-22 20:44:41,458 - __main__ - INFO - –û—Ç–ø—Ä–∞–≤–∫–∞ –∏–≥—Ä—ã 1/3: #499
2025-12-22 20:44:42,104 - __main__ - INFO - ‚úì –£–≤–µ–¥–æ–º–ª–µ–Ω–∏–µ –æ–± –∏–≥—Ä–µ #499 –æ—Ç–ø—Ä–∞–≤–ª–µ–Ω–æ –≤ Telegram
2025-12-22 20:44:42,605 - __main__ - INFO - –û—Ç–ø—Ä–∞–≤–∫–∞ –∏–≥—Ä—ã 2/3: #500
2025-12-22 20:44:43,289 - __main__ - INFO - ‚úì –£–≤–µ–¥–æ–º–ª–µ–Ω–∏–µ –æ–± –∏–≥—Ä–µ #500 –æ—Ç–ø—Ä–∞–≤–ª–µ–Ω–æ –≤ Telegram
2025-12-22 20:44:43,790 - __main__ - INFO - –û—Ç–ø—Ä–∞–≤–∫–∞ –∏–≥—Ä—ã 3/3: #502
2025-12-22 20:44:44,627 - __main__ - INFO - ‚úì –£–≤–µ–¥–æ–º–ª–µ–Ω–∏–µ –æ–± –∏–≥—Ä–µ #502 –æ—Ç–ø—Ä–∞–≤–ª–µ–Ω–æ –≤ Telegram
2025-12-22 20:44:45,128 - __main__ - INFO - 
==================================================
2025-12-22 20:44:45,128 - __main__ - INFO - –°–¢–ê–¢–ò–°–¢–ò–ö–ê –ú–û–ù–ò–¢–û–†–ò–ù–ì–ê:
2025-12-22 20:44:45,128 - __main__ - INFO - ==================================================
2025-12-22 20:44:45,128 - __main__ - INFO - –í—Å–µ–≥–æ –∏–≥—Ä: 3
2025-12-22 20:44:45,129 - __main__ - INFO - ‚úÖ –î–æ—Å—Ç—É–ø–Ω—ã–µ –¥–ª—è –∑–∞–ø–∏—Å–∏: 0
2025-12-22 20:44:45,129 - __main__ - INFO - ‚ö†Ô∏è  –ó–∞–ø–∏—Å—å –≤ —Ä–µ–∑–µ—Ä–≤: 3
2025-12-22 20:44:45,129 - __main__ - INFO - ‚ùì –ù–µ–∏–∑–≤–µ—Å—Ç–Ω—ã–π —Å—Ç–∞—Ç—É—Å: 0
2025-12-22 20:44:45,129 - __main__ - INFO - üéâ –ù–æ–≤—ã–µ –∏–≥—Ä—ã: 0
2025-12-22 20:44:45,129 - __main__ - INFO - üîÑ –ò–≥—Ä—ã —Å –∏–∑–º–µ–Ω–µ–Ω–Ω—ã–º —Å—Ç–∞—Ç—É—Å–æ–º: 0
2025-12-22 20:44:45,130 - __main__ - INFO - ==================================================
2025-12-22 20:44:45,130 - __main__ - INFO - –ú–æ–Ω–∏—Ç–æ—Ä–∏–Ω–≥ –∑–∞–≤–µ—Ä—à—ë–Ω —É—Å–ø–µ—à–Ω–æ!
2025-12-22 20:44:45,130 - __main__ - INFO - ==================================================
2025-12-22 21:05:22,915 - __main__ - INFO - ‚úì –ö–æ–Ω—Ñ–∏–≥—É—Ä–∞—Ü–∏—è –∑–∞–≥—Ä—É–∂–µ–Ω–∞ –∏–∑ config.py
2025-12-22 21:05:22,919 - __main__ - INFO - ‚úì –ú–æ–¥—É–ª—å telegram_notifier –∑–∞–≥—Ä—É–∂–µ–Ω
2025-12-22 21:05:22,921 - __main__ - INFO - ‚úì –£–≤–µ–¥–æ–º–ª–µ–Ω–∏—è –≤ Telegram –≤–∫–ª—é—á–µ–Ω—ã
2025-12-22 21:05:22,921 - __main__ - INFO -   Chat ID: 5137113164
2025-12-22 21:05:23,434 - src.telegram_notifier - INFO - ‚úì –ë–æ—Ç @quizplease_parser_bot —É—Å–ø–µ—à–Ω–æ –ø–æ–¥–∫–ª—é—á–µ–Ω
2025-12-22 21:05:23,435 - src.telegram_notifier - INFO - –û—Ç–ø—Ä–∞–≤–∫–∞ —Ç–µ—Å—Ç–æ–≤–æ–≥–æ —Å–æ–æ–±—â–µ–Ω–∏—è...
2025-12-22 21:05:23,873 - __main__ - INFO - ============================================================
2025-12-22 21:05:23,873 - __main__ - INFO - –ó–∞–ø—É—Å–∫ –º–æ–Ω–∏—Ç–æ—Ä–∏–Ω–≥–∞ –∏–≥—Ä '–ö–≤–∏–∑, –ø–ª–∏–∑! KLG'
2025-12-22 21:05:23,873 - __main__ - INFO - ============================================================
2025-12-22 21:05:23,874 - __main__ - INFO - –ó–∞–≥—Ä—É–∂–µ–Ω–æ 3 –∏–≥—Ä –∏–∑ D:\–ù–µ—Ç–æ–ª–æ–≥–∏—è\quizplease_autoreg\data\classic_games.json
2025-12-22 21:05:23,874 - __main__ - INFO - –ù–∞—á–∏–Ω–∞–µ–º –ø–∞—Ä—Å–∏–Ω–≥ —Å—Ç—Ä–∞–Ω–∏—Ü—ã: https://klg.quizplease.ru/schedule
2025-12-22 21:05:24,498 - __main__ - INFO - –ù–∞–π–¥–µ–Ω–æ 15 –±–ª–æ–∫–æ–≤ —Å –∏–≥—Ä–∞–º–∏
2025-12-22 21:05:24,503 - __main__ - INFO - –£—Å–ø–µ—à–Ω–æ –æ–±—Ä–∞–±–æ—Ç–∞–Ω–æ 3 –∫–ª–∞—Å—Å–∏—á–µ—Å–∫–∏—Ö/–æ–±—ã—á–Ω—ã—Ö –∏–≥—Ä '–ö–≤–∏–∑, –ø–ª–∏–∑! KLG'
2025-12-22 21:05:24,507 - __main__ - INFO - –°–æ—Ö—Ä–∞–Ω–µ–Ω–æ 3 –∏–≥—Ä –≤ D:\–ù–µ—Ç–æ–ª–æ–≥–∏—è\quizplease_autoreg\data\classic_games.json
2025-12-22 21:05:24,507 - __main__ - INFO - –ù–æ–≤—ã—Ö –∏–≥—Ä –Ω–µ –Ω–∞–π–¥–µ–Ω–æ
2025-12-22 21:05:24,507 - __main__ - INFO - –ò–≥—Ä —Å –∏–∑–º–µ–Ω–µ–Ω–Ω—ã–º —Å—Ç–∞—Ç—É—Å–æ–º –Ω–µ –Ω–∞–π–¥–µ–Ω–æ
2025-12-22 21:05:25,510 - __main__ - INFO - –û—Ç–ø—Ä–∞–≤–∫–∞ –∏–≥—Ä—ã 1/3: #499
2025-12-22 21:05:26,038 - src.telegram_notifier - INFO - ‚úì –£–≤–µ–¥–æ–º–ª–µ–Ω–∏–µ –æ–± –∏–≥—Ä–µ #499 –æ—Ç–ø—Ä–∞–≤–ª–µ–Ω–æ –≤ Telegram
2025-12-22 21:05:26,541 - __main__ - INFO - –û—Ç–ø—Ä–∞–≤–∫–∞ –∏–≥—Ä—ã 2/3: #500
2025-12-22 21:05:27,041 - src.telegram_notifier - INFO - ‚úì –£–≤–µ–¥–æ–º–ª–µ–Ω–∏–µ –æ–± –∏–≥—Ä–µ #500 –æ—Ç–ø—Ä–∞–≤–ª–µ–Ω–æ –≤ Telegram
2025-12-22 21:05:27,543 - __main__ - INFO - –û—Ç–ø—Ä–∞–≤–∫–∞ –∏–≥—Ä—ã 3/3: #502
2025-12-22 21:05:28,073 - src.telegram_notifier - INFO - ‚úì –£–≤–µ–¥–æ–º–ª–µ–Ω–∏–µ –æ–± –∏–≥—Ä–µ #502 –æ—Ç–ø—Ä–∞–≤–ª–µ–Ω–æ –≤ Telegram
2025-12-22 21:05:28,577 - __main__ - INFO - 
==================================================
2025-12-22 21:05:28,577 - __main__ - INFO - –°–¢–ê–¢–ò–°–¢–ò–ö–ê –ú–û–ù–ò–¢–û–†–ò–ù–ì–ê:
2025-12-22 21:05:28,577 - __main__ - INFO - ==================================================
2025-12-22 21:05:28,577 - __main__ - INFO - –í—Å–µ–≥–æ –∏–≥—Ä: 3
2025-12-22 21:05:28,577 - __main__ - INFO - ‚úÖ –î–æ—Å—Ç—É–ø–Ω—ã–µ –¥–ª—è –∑–∞–ø–∏—Å–∏: 0
2025-12-22 21:05:28,577 - __main__ - INFO - ‚ö†Ô∏è  –ó–∞–ø–∏—Å—å –≤ —Ä–µ–∑–µ—Ä–≤: 3
2025-12-22 21:05:28,578 - __main__ - INFO - ‚ùì –ù–µ–∏–∑–≤–µ—Å—Ç–Ω—ã–π —Å—Ç–∞—Ç—É—Å: 0
2025-12-22 21:05:28,578 - __main__ - INFO - üéâ –ù–æ–≤—ã–µ –∏–≥—Ä—ã: 0
2025-12-22 21:05:28,578 - __main__ - INFO - üîÑ –ò–≥—Ä—ã —Å –∏–∑–º–µ–Ω–µ–Ω–Ω—ã–º —Å—Ç–∞—Ç—É—Å–æ–º: 0
2025-12-22 21:05:28,578 - __main__ - INFO - ==================================================
2025-12-22 21:05:28,578 - __main__ - INFO - –ú–æ–Ω–∏—Ç–æ—Ä–∏–Ω–≥ –∑–∞–≤–µ—Ä—à—ë–Ω —É—Å–ø–µ—à–Ω–æ!
2025-12-22 21:05:28,578 - __main__ - INFO - ==================================================
2025-12-22 21:10:58,734 - __main__ - INFO - ‚úì –ö–æ–Ω—Ñ–∏–≥—É—Ä–∞—Ü–∏—è –∑–∞–≥—Ä—É–∂–µ–Ω–∞ –∏–∑ config.py
2025-12-22 21:10:58,735 - __main__ - INFO - ‚úì –ú–æ–¥—É–ª—å telegram_notifier –∑–∞–≥—Ä—É–∂–µ–Ω
2025-12-22 21:10:58,737 - __main__ - INFO - ‚úì –£–≤–µ–¥–æ–º–ª–µ–Ω–∏—è –≤ Telegram –≤–∫–ª—é—á–µ–Ω—ã
2025-12-22 21:10:58,737 - __main__ - INFO -   Chat ID: 5137113164
2025-12-22 21:10:59,254 - src.telegram_notifier - INFO - ‚úì –ë–æ—Ç @quizplease_parser_bot —É—Å–ø–µ—à–Ω–æ –ø–æ–¥–∫–ª—é—á–µ–Ω
2025-12-22 21:10:59,256 - src.telegram_notifier - INFO - –û—Ç–ø—Ä–∞–≤–∫–∞ —Ç–µ—Å—Ç–æ–≤–æ–≥–æ —Å–æ–æ–±—â–µ–Ω–∏—è...
2025-12-22 21:10:59,786 - __main__ - INFO - ============================================================
2025-12-22 21:10:59,787 - __main__ - INFO - –ó–∞–ø—É—Å–∫ –º–æ–Ω–∏—Ç–æ—Ä–∏–Ω–≥–∞ –∏–≥—Ä '–ö–≤–∏–∑, –ø–ª–∏–∑! KLG'
2025-12-22 21:10:59,787 - __main__ - INFO - ============================================================
2025-12-22 21:10:59,787 - __main__ - INFO - –ó–∞–≥—Ä—É–∂–µ–Ω–æ 3 –∏–≥—Ä –∏–∑ D:\–ù–µ—Ç–æ–ª–æ–≥–∏—è\quizplease_autoreg\data\classic_games.json
2025-12-22 21:10:59,787 - __main__ - INFO - –ù–∞—á–∏–Ω–∞–µ–º –ø–∞—Ä—Å–∏–Ω–≥ —Å—Ç—Ä–∞–Ω–∏—Ü—ã: https://klg.quizplease.ru/schedule
2025-12-22 21:11:00,395 - __main__ - INFO - –ù–∞–π–¥–µ–Ω–æ 15 –±–ª–æ–∫–æ–≤ —Å –∏–≥—Ä–∞–º–∏
2025-12-22 21:11:00,400 - __main__ - INFO - –£—Å–ø–µ—à–Ω–æ –æ–±—Ä–∞–±–æ—Ç–∞–Ω–æ 3 –∫–ª–∞—Å—Å–∏—á–µ—Å–∫–∏—Ö/–æ–±—ã—á–Ω—ã—Ö –∏–≥—Ä '–ö–≤–∏–∑, –ø–ª–∏–∑! KLG'
2025-12-22 21:11:00,403 - __main__ - INFO - –°–æ—Ö—Ä–∞–Ω–µ–Ω–æ 3 –∏–≥—Ä –≤ D:\–ù–µ—Ç–æ–ª–æ–≥–∏—è\quizplease_autoreg\data\classic_games.json
2025-12-22 21:11:00,403 - __main__ - INFO - –ù–æ–≤—ã—Ö –∏–≥—Ä –Ω–µ –Ω–∞–π–¥–µ–Ω–æ
2025-12-22 21:11:00,404 - __main__ - INFO - –ò–≥—Ä —Å –∏–∑–º–µ–Ω–µ–Ω–Ω—ã–º —Å—Ç–∞—Ç—É—Å–æ–º –Ω–µ –Ω–∞–π–¥–µ–Ω–æ
2025-12-22 21:11:01,487 - __main__ - INFO - –û—Ç–ø—Ä–∞–≤–∫–∞ –∏–≥—Ä—ã 1/3: #499
2025-12-22 21:11:01,996 - src.telegram_notifier - INFO - ‚úì –£–≤–µ–¥–æ–º–ª–µ–Ω–∏–µ –æ–± –∏–≥—Ä–µ #499 –æ—Ç–ø—Ä–∞–≤–ª–µ–Ω–æ –≤ Telegram
2025-12-22 21:11:02,498 - __main__ - INFO - –û—Ç–ø—Ä–∞–≤–∫–∞ –∏–≥—Ä—ã 2/3: #500
2025-12-22 21:11:03,003 - src.telegram_notifier - INFO - ‚úì –£–≤–µ–¥–æ–º–ª–µ–Ω–∏–µ –æ–± –∏–≥—Ä–µ #500 –æ—Ç–ø—Ä–∞–≤–ª–µ–Ω–æ –≤ Telegram
2025-12-22 21:11:03,506 - __main__ - INFO - –û—Ç–ø—Ä–∞–≤–∫–∞ –∏–≥—Ä—ã 3/3: #502
2025-12-22 21:11:04,049 - src.telegram_notifier - INFO - ‚úì –£–≤–µ–¥–æ–º–ª–µ–Ω–∏–µ –æ–± –∏–≥—Ä–µ #502 –æ—Ç–ø—Ä–∞–≤–ª–µ–Ω–æ –≤ Telegram
2025-12-22 21:11:04,552 - __main__ - INFO - 
==================================================
2025-12-22 21:11:04,552 - __main__ - INFO - –°–¢–ê–¢–ò–°–¢–ò–ö–ê –ú–û–ù–ò–¢–û–†–ò–ù–ì–ê:
2025-12-22 21:11:04,552 - __main__ - INFO - ==================================================
2025-12-22 21:11:04,553 - __main__ - INFO - –í—Å–µ–≥–æ –∏–≥—Ä: 3
2025-12-22 21:11:04,553 - __main__ - INFO - ‚úÖ –î–æ—Å—Ç—É–ø–Ω—ã–µ –¥–ª—è –∑–∞–ø–∏—Å–∏: 0
2025-12-22 21:11:04,553 - __main__ - INFO - ‚ö†Ô∏è  –ó–∞–ø–∏—Å—å –≤ —Ä–µ–∑–µ—Ä–≤: 3
2025-12-22 21:11:04,553 - __main__ - INFO - ‚ùì –ù–µ–∏–∑–≤–µ—Å—Ç–Ω—ã–π —Å—Ç–∞—Ç—É—Å: 0
2025-12-22 21:11:04,553 - __main__ - INFO - üéâ –ù–æ–≤—ã–µ –∏–≥—Ä—ã: 0
2025-12-22 21:11:04,553 - __main__ - INFO - üîÑ –ò–≥—Ä—ã —Å –∏–∑–º–µ–Ω–µ–Ω–Ω—ã–º —Å—Ç–∞—Ç—É—Å–æ–º: 0
2025-12-22 21:11:04,553 - __main__ - INFO - ==================================================
2025-12-22 21:11:04,553 - __main__ - INFO - –ú–æ–Ω–∏—Ç–æ—Ä–∏–Ω–≥ –∑–∞–≤–µ—Ä—à—ë–Ω —É—Å–ø–µ—à–Ω–æ!
2025-12-22 21:11:04,553 - __main__ - INFO - ==================================================
2025-12-22 21:21:44,115 - __main__ - INFO - ‚úì –ö–æ–Ω—Ñ–∏–≥—É—Ä–∞—Ü–∏—è –∑–∞–≥—Ä—É–∂–µ–Ω–∞ –∏–∑ config.py
2025-12-22 21:21:44,116 - __main__ - INFO - ‚úì –ú–æ–¥—É–ª—å telegram_notifier –∑–∞–≥—Ä—É–∂–µ–Ω
2025-12-22 21:21:44,119 - __main__ - INFO - ‚úì –£–≤–µ–¥–æ–º–ª–µ–Ω–∏—è –≤ Telegram –≤–∫–ª—é—á–µ–Ω—ã
2025-12-22 21:21:44,119 - __main__ - INFO -   Chat ID: 5137113164
2025-12-22 21:21:44,657 - src.telegram_notifier - INFO - ‚úì –ë–æ—Ç @quizplease_parser_bot —É—Å–ø–µ—à–Ω–æ –ø–æ–¥–∫–ª—é—á–µ–Ω
2025-12-22 21:21:44,658 - src.telegram_notifier - INFO - –û—Ç–ø—Ä–∞–≤–∫–∞ —Ç–µ—Å—Ç–æ–≤–æ–≥–æ —Å–æ–æ–±—â–µ–Ω–∏—è...
2025-12-22 21:21:45,136 - __main__ - INFO - ============================================================
2025-12-22 21:21:45,137 - __main__ - INFO - –ó–∞–ø—É—Å–∫ –º–æ–Ω–∏—Ç–æ—Ä–∏–Ω–≥–∞ –∏–≥—Ä '–ö–≤–∏–∑, –ø–ª–∏–∑! KLG'
2025-12-22 21:21:45,137 - __main__ - INFO - ============================================================
2025-12-22 21:21:45,137 - __main__ - INFO - –ó–∞–≥—Ä—É–∂–µ–Ω–æ 3 –∏–≥—Ä –∏–∑ D:\–ù–µ—Ç–æ–ª–æ–≥–∏—è\quizplease_autoreg\data\classic_games.json
2025-12-22 21:21:45,137 - __main__ - INFO - –ù–∞—á–∏–Ω–∞–µ–º –ø–∞—Ä—Å–∏–Ω–≥ —Å—Ç—Ä–∞–Ω–∏—Ü—ã: https://klg.quizplease.ru/schedule
2025-12-22 21:21:45,817 - __main__ - INFO - –ù–∞–π–¥–µ–Ω–æ 15 –±–ª–æ–∫–æ–≤ —Å –∏–≥—Ä–∞–º–∏
2025-12-22 21:21:45,823 - __main__ - INFO - –£—Å–ø–µ—à–Ω–æ –æ–±—Ä–∞–±–æ—Ç–∞–Ω–æ 3 –∫–ª–∞—Å—Å–∏—á–µ—Å–∫–∏—Ö/–æ–±—ã—á–Ω—ã—Ö –∏–≥—Ä '–ö–≤–∏–∑, –ø–ª–∏–∑! KLG'
2025-12-22 21:21:45,827 - __main__ - INFO - –°–æ—Ö—Ä–∞–Ω–µ–Ω–æ 3 –∏–≥—Ä –≤ D:\–ù–µ—Ç–æ–ª–æ–≥–∏—è\quizplease_autoreg\data\classic_games.json
2025-12-22 21:21:45,827 - __main__ - INFO - –ù–æ–≤—ã—Ö –∏–≥—Ä –Ω–µ –Ω–∞–π–¥–µ–Ω–æ
2025-12-22 21:21:45,827 - __main__ - INFO - –ò–≥—Ä —Å –∏–∑–º–µ–Ω–µ–Ω–Ω—ã–º —Å—Ç–∞—Ç—É—Å–æ–º –Ω–µ –Ω–∞–π–¥–µ–Ω–æ
2025-12-22 21:21:46,755 - __main__ - INFO - –û—Ç–ø—Ä–∞–≤–∫–∞ –∏–≥—Ä—ã 1/3: #499
2025-12-22 21:21:47,237 - src.telegram_notifier - INFO - ‚úì –£–≤–µ–¥–æ–º–ª–µ–Ω–∏–µ –æ–± –∏–≥—Ä–µ #499 –æ—Ç–ø—Ä–∞–≤–ª–µ–Ω–æ –≤ Telegram
2025-12-22 21:21:47,739 - __main__ - INFO - –û—Ç–ø—Ä–∞–≤–∫–∞ –∏–≥—Ä—ã 2/3: #500
2025-12-22 21:21:48,186 - src.telegram_notifier - INFO - ‚úì –£–≤–µ–¥–æ–º–ª–µ–Ω–∏–µ –æ–± –∏–≥—Ä–µ #500 –æ—Ç–ø—Ä–∞–≤–ª–µ–Ω–æ –≤ Telegram
2025-12-22 21:21:48,689 - __main__ - INFO - –û—Ç–ø—Ä–∞–≤–∫–∞ –∏–≥—Ä—ã 3/3: #502
2025-12-22 21:21:49,269 - src.telegram_notifier - INFO - ‚úì –£–≤–µ–¥–æ–º–ª–µ–Ω–∏–µ –æ–± –∏–≥—Ä–µ #502 –æ—Ç–ø—Ä–∞–≤–ª–µ–Ω–æ –≤ Telegram
2025-12-22 21:21:49,772 - __main__ - INFO - 
==================================================
2025-12-22 21:21:49,772 - __main__ - INFO - –°–¢–ê–¢–ò–°–¢–ò–ö–ê –ú–û–ù–ò–¢–û–†–ò–ù–ì–ê:
2025-12-22 21:21:49,772 - __main__ - INFO - ==================================================
2025-12-22 21:21:49,772 - __main__ - INFO - –í—Å–µ–≥–æ –∏–≥—Ä: 3
2025-12-22 21:21:49,772 - __main__ - INFO - ‚úÖ –î–æ—Å—Ç—É–ø–Ω—ã–µ –¥–ª—è –∑–∞–ø–∏—Å–∏: 0
2025-12-22 21:21:49,773 - __main__ - INFO - ‚ö†Ô∏è  –ó–∞–ø–∏—Å—å –≤ —Ä–µ–∑–µ—Ä–≤: 3
2025-12-22 21:21:49,773 - __main__ - INFO - ‚ùì –ù–µ–∏–∑–≤–µ—Å—Ç–Ω—ã–π —Å—Ç–∞—Ç—É—Å: 0
2025-12-22 21:21:49,773 - __main__ - INFO - üéâ –ù–æ–≤—ã–µ –∏–≥—Ä—ã: 0
2025-12-22 21:21:49,773 - __main__ - INFO - üîÑ –ò–≥—Ä—ã —Å –∏–∑–º–µ–Ω–µ–Ω–Ω—ã–º —Å—Ç–∞—Ç—É—Å–æ–º: 0
2025-12-22 21:21:49,773 - __main__ - INFO - ==================================================
2025-12-22 21:21:49,773 - __main__ - INFO - –ú–æ–Ω–∏—Ç–æ—Ä–∏–Ω–≥ –∑–∞–≤–µ—Ä—à—ë–Ω —É—Å–ø–µ—à–Ω–æ!
2025-12-22 21:21:49,773 - __main__ - INFO - ==================================================
2025-12-22 21:31:14,324 - __main__ - INFO - ‚úì –ö–æ–Ω—Ñ–∏–≥—É—Ä–∞—Ü–∏—è –∑–∞–≥—Ä—É–∂–µ–Ω–∞ –∏–∑ config.py
2025-12-22 21:31:14,325 - __main__ - INFO - ‚úì –ú–æ–¥—É–ª—å telegram_notifier –∑–∞–≥—Ä—É–∂–µ–Ω
2025-12-22 21:31:14,326 - __main__ - INFO - ‚úì –£–≤–µ–¥–æ–º–ª–µ–Ω–∏—è –≤ Telegram –≤–∫–ª—é—á–µ–Ω—ã
2025-12-22 21:31:14,326 - __main__ - INFO -   Chat ID: 5137113164
2025-12-22 21:31:14,854 - src.telegram_notifier - INFO - ‚úì –ë–æ—Ç @quizplease_parser_bot —É—Å–ø–µ—à–Ω–æ –ø–æ–¥–∫–ª—é—á–µ–Ω
2025-12-22 21:31:14,856 - src.telegram_notifier - INFO - –û—Ç–ø—Ä–∞–≤–∫–∞ —Ç–µ—Å—Ç–æ–≤–æ–≥–æ —Å–æ–æ–±—â–µ–Ω–∏—è...
2025-12-22 21:31:15,320 - __main__ - INFO - ============================================================
2025-12-22 21:31:15,320 - __main__ - INFO - –ó–∞–ø—É—Å–∫ –º–æ–Ω–∏—Ç–æ—Ä–∏–Ω–≥–∞ –∏–≥—Ä '–ö–≤–∏–∑, –ø–ª–∏–∑! KLG'
2025-12-22 21:31:15,320 - __main__ - INFO - ============================================================
2025-12-22 21:31:15,322 - __main__ - INFO - –ó–∞–≥—Ä—É–∂–µ–Ω–æ 3 –∏–≥—Ä –∏–∑ D:\–ù–µ—Ç–æ–ª–æ–≥–∏—è\quizplease_autoreg\data\classic_games.json
2025-12-22 21:31:15,322 - __main__ - INFO - –ù–∞—á–∏–Ω–∞–µ–º –ø–∞—Ä—Å–∏–Ω–≥ —Å—Ç—Ä–∞–Ω–∏—Ü—ã: https://klg.quizplease.ru/schedule
2025-12-22 21:31:15,971 - __main__ - INFO - –ù–∞–π–¥–µ–Ω–æ 15 –±–ª–æ–∫–æ–≤ —Å –∏–≥—Ä–∞–º–∏
2025-12-22 21:31:15,977 - __main__ - INFO - –£—Å–ø–µ—à–Ω–æ –æ–±—Ä–∞–±–æ—Ç–∞–Ω–æ 3 –∫–ª–∞—Å—Å–∏—á–µ—Å–∫–∏—Ö/–æ–±—ã—á–Ω—ã—Ö –∏–≥—Ä '–ö–≤–∏–∑, –ø–ª–∏–∑! KLG'
2025-12-22 21:31:15,980 - __main__ - INFO - –°–æ—Ö—Ä–∞–Ω–µ–Ω–æ 3 –∏–≥—Ä –≤ D:\–ù–µ—Ç–æ–ª–æ–≥–∏—è\quizplease_autoreg\data\classic_games.json
2025-12-22 21:31:15,980 - __main__ - INFO - –ù–æ–≤—ã—Ö –∏–≥—Ä –Ω–µ –Ω–∞–π–¥–µ–Ω–æ
2025-12-22 21:31:15,980 - __main__ - INFO - –ò–≥—Ä —Å –∏–∑–º–µ–Ω–µ–Ω–Ω—ã–º —Å—Ç–∞—Ç—É—Å–æ–º –Ω–µ –Ω–∞–π–¥–µ–Ω–æ
2025-12-22 21:31:16,934 - __main__ - INFO - –û—Ç–ø—Ä–∞–≤–∫–∞ –∏–≥—Ä—ã 1/3: #499
2025-12-22 21:31:17,513 - src.telegram_notifier - INFO - ‚úì –£–≤–µ–¥–æ–º–ª–µ–Ω–∏–µ –æ–± –∏–≥—Ä–µ #499 –æ—Ç–ø—Ä–∞–≤–ª–µ–Ω–æ –≤ Telegram
2025-12-22 21:31:18,015 - __main__ - INFO - –û—Ç–ø—Ä–∞–≤–∫–∞ –∏–≥—Ä—ã 2/3: #500
2025-12-22 21:31:18,513 - src.telegram_notifier - INFO - ‚úì –£–≤–µ–¥–æ–º–ª–µ–Ω–∏–µ –æ–± –∏–≥—Ä–µ #500 –æ—Ç–ø—Ä–∞–≤–ª–µ–Ω–æ –≤ Telegram
2025-12-22 21:31:19,016 - __main__ - INFO - –û—Ç–ø—Ä–∞–≤–∫–∞ –∏–≥—Ä—ã 3/3: #502
2025-12-22 21:31:19,501 - src.telegram_notifier - INFO - ‚úì –£–≤–µ–¥–æ–º–ª–µ–Ω–∏–µ –æ–± –∏–≥—Ä–µ #502 –æ—Ç–ø—Ä–∞–≤–ª–µ–Ω–æ –≤ Telegram
2025-12-22 21:31:20,004 - __main__ - INFO - 
==================================================
2025-12-22 21:31:20,004 - __main__ - INFO - –°–¢–ê–¢–ò–°–¢–ò–ö–ê –ú–û–ù–ò–¢–û–†–ò–ù–ì–ê:
2025-12-22 21:31:20,004 - __main__ - INFO - ==================================================
2025-12-22 21:31:20,004 - __main__ - INFO - –í—Å–µ–≥–æ –∏–≥—Ä: 3
2025-12-22 21:31:20,004 - __main__ - INFO - ‚úÖ –î–æ—Å—Ç—É–ø–Ω—ã–µ –¥–ª—è –∑–∞–ø–∏—Å–∏: 0
2025-12-22 21:31:20,004 - __main__ - INFO - ‚ö†Ô∏è  –ó–∞–ø–∏—Å—å –≤ —Ä–µ–∑–µ—Ä–≤: 3
2025-12-22 21:31:20,004 - __main__ - INFO - ‚ùì –ù–µ–∏–∑–≤–µ—Å—Ç–Ω—ã–π —Å—Ç–∞—Ç—É—Å: 0
2025-12-22 21:31:20,004 - __main__ - INFO - üéâ –ù–æ–≤—ã–µ –∏–≥—Ä—ã: 0
2025-12-22 21:31:20,004 - __main__ - INFO - üîÑ –ò–≥—Ä—ã —Å –∏–∑–º–µ–Ω–µ–Ω–Ω—ã–º —Å—Ç–∞—Ç—É—Å–æ–º: 0
2025-12-22 21:31:20,004 - __main__ - INFO - ==================================================
2025-12-22 21:31:20,004 - __main__ - INFO - –ú–æ–Ω–∏—Ç–æ—Ä–∏–Ω–≥ –∑–∞–≤–µ—Ä—à—ë–Ω —É—Å–ø–µ—à–Ω–æ!
2025-12-22 21:31:20,004 - __main__ - INFO - ==================================================
2025-12-22 21:45:03,970 - __main__ - INFO - ‚úì –ö–æ–Ω—Ñ–∏–≥—É—Ä–∞—Ü–∏—è –∑–∞–≥—Ä—É–∂–µ–Ω–∞ –∏–∑ config.py
2025-12-22 21:45:03,971 - __main__ - INFO - ‚úì –ú–æ–¥—É–ª—å telegram_notifier –∑–∞–≥—Ä—É–∂–µ–Ω
2025-12-22 21:45:03,973 - __main__ - INFO - ‚úì –£–≤–µ–¥–æ–º–ª–µ–Ω–∏—è –≤ Telegram –≤–∫–ª—é—á–µ–Ω—ã
2025-12-22 21:45:03,973 - __main__ - INFO -   Chat ID: 5137113164
2025-12-22 21:45:04,499 - src.telegram_notifier - INFO - ‚úì –ë–æ—Ç @quizplease_parser_bot —É—Å–ø–µ—à–Ω–æ –ø–æ–¥–∫–ª—é—á–µ–Ω
2025-12-22 21:45:04,501 - src.telegram_notifier - INFO - –û—Ç–ø—Ä–∞–≤–∫–∞ —Ç–µ—Å—Ç–æ–≤–æ–≥–æ —Å–æ–æ–±—â–µ–Ω–∏—è...
2025-12-22 21:45:05,063 - __main__ - INFO - ============================================================
2025-12-22 21:45:05,063 - __main__ - INFO - –ó–∞–ø—É—Å–∫ –º–æ–Ω–∏—Ç–æ—Ä–∏–Ω–≥–∞ –∏–≥—Ä '–ö–≤–∏–∑, –ø–ª–∏–∑! KLG'
2025-12-22 21:45:05,063 - __main__ - INFO - ============================================================
2025-12-22 21:45:05,063 - __main__ - INFO - –ó–∞–≥—Ä—É–∂–µ–Ω–æ 3 –∏–≥—Ä –∏–∑ D:\–ù–µ—Ç–æ–ª–æ–≥–∏—è\quizplease_autoreg\data\classic_games.json
2025-12-22 21:45:05,063 - __main__ - INFO - –ù–∞—á–∏–Ω–∞–µ–º –ø–∞—Ä—Å–∏–Ω–≥ —Å—Ç—Ä–∞–Ω–∏—Ü—ã: https://klg.quizplease.ru/schedule
2025-12-22 21:45:05,749 - __main__ - INFO - –ù–∞–π–¥–µ–Ω–æ 15 –±–ª–æ–∫–æ–≤ —Å –∏–≥—Ä–∞–º–∏
2025-12-22 21:45:05,756 - __main__ - INFO - –£—Å–ø–µ—à–Ω–æ –æ–±—Ä–∞–±–æ—Ç–∞–Ω–æ 3 –∫–ª–∞—Å—Å–∏—á–µ—Å–∫–∏—Ö/–æ–±—ã—á–Ω—ã—Ö –∏–≥—Ä '–ö–≤–∏–∑, –ø–ª–∏–∑! KLG'
2025-12-22 21:45:05,759 - __main__ - INFO - –°–æ—Ö—Ä–∞–Ω–µ–Ω–æ 3 –∏–≥—Ä –≤ D:\–ù–µ—Ç–æ–ª–æ–≥–∏—è\quizplease_autoreg\data\classic_games.json
2025-12-22 21:45:05,759 - __main__ - INFO - –ù–æ–≤—ã—Ö –∏–≥—Ä –Ω–µ –Ω–∞–π–¥–µ–Ω–æ
2025-12-22 21:45:05,759 - __main__ - INFO - –ò–≥—Ä —Å –∏–∑–º–µ–Ω–µ–Ω–Ω—ã–º —Å—Ç–∞—Ç—É—Å–æ–º –Ω–µ –Ω–∞–π–¥–µ–Ω–æ
2025-12-22 21:45:06,662 - __main__ - INFO - –û—Ç–ø—Ä–∞–≤–∫–∞ –∏–≥—Ä—ã 1/3: #499
2025-12-22 21:45:07,143 - src.telegram_notifier - INFO - ‚úì –£–≤–µ–¥–æ–º–ª–µ–Ω–∏–µ –æ–± –∏–≥—Ä–µ #499 –æ—Ç–ø—Ä–∞–≤–ª–µ–Ω–æ –≤ Telegram
2025-12-22 21:45:07,646 - __main__ - INFO - –û—Ç–ø—Ä–∞–≤–∫–∞ –∏–≥—Ä—ã 2/3: #500
2025-12-22 21:45:08,120 - src.telegram_notifier - INFO - ‚úì –£–≤–µ–¥–æ–º–ª–µ–Ω–∏–µ –æ–± –∏–≥—Ä–µ #500 –æ—Ç–ø—Ä–∞–≤–ª–µ–Ω–æ –≤ Telegram
2025-12-22 21:45:08,623 - __main__ - INFO - –û—Ç–ø—Ä–∞–≤–∫–∞ –∏–≥—Ä—ã 3/3: #502
2025-12-22 21:45:09,123 - src.telegram_notifier - INFO - ‚úì –£–≤–µ–¥–æ–º–ª–µ–Ω–∏–µ –æ–± –∏–≥—Ä–µ #502 –æ—Ç–ø—Ä–∞–≤–ª–µ–Ω–æ –≤ Telegram
2025-12-22 21:45:09,625 - __main__ - INFO - 
==================================================
2025-12-22 21:45:09,625 - __main__ - INFO - –°–¢–ê–¢–ò–°–¢–ò–ö–ê –ú–û–ù–ò–¢–û–†–ò–ù–ì–ê:
2025-12-22 21:45:09,625 - __main__ - INFO - ==================================================
2025-12-22 21:45:09,625 - __main__ - INFO - –í—Å–µ–≥–æ –∏–≥—Ä: 3
2025-12-22 21:45:09,625 - __main__ - INFO - ‚úÖ –î–æ—Å—Ç—É–ø–Ω—ã–µ –¥–ª—è –∑–∞–ø–∏—Å–∏: 0
2025-12-22 21:45:09,625 - __main__ - INFO - ‚ö†Ô∏è  –ó–∞–ø–∏—Å—å –≤ —Ä–µ–∑–µ—Ä–≤: 3
2025-12-22 21:45:09,626 - __main__ - INFO - ‚ùì –ù–µ–∏–∑–≤–µ—Å—Ç–Ω—ã–π —Å—Ç–∞—Ç—É—Å: 0
2025-12-22 21:45:09,626 - __main__ - INFO - üéâ –ù–æ–≤—ã–µ –∏–≥—Ä—ã: 0
2025-12-22 21:45:09,626 - __main__ - INFO - üîÑ –ò–≥—Ä—ã —Å –∏–∑–º–µ–Ω–µ–Ω–Ω—ã–º —Å—Ç–∞—Ç—É—Å–æ–º: 0
2025-12-22 21:45:09,626 - __main__ - INFO - ==================================================
2025-12-22 21:45:09,626 - __main__ - INFO - –ú–æ–Ω–∏—Ç–æ—Ä–∏–Ω–≥ –∑–∞–≤–µ—Ä—à—ë–Ω —É—Å–ø–µ—à–Ω–æ!
2025-12-22 21:45:09,626 - __main__ - INFO - ==================================================
2025-12-22 22:11:00,152 - __main__ - INFO - ‚úì –ö–æ–Ω—Ñ–∏–≥—É—Ä–∞—Ü–∏—è –∑–∞–≥—Ä—É–∂–µ–Ω–∞ –∏–∑ config.py
2025-12-22 22:11:00,153 - __main__ - INFO - ‚úì –ú–æ–¥—É–ª—å telegram_notifier –∑–∞–≥—Ä—É–∂–µ–Ω
2025-12-22 22:11:00,156 - __main__ - INFO - ‚úì –£–≤–µ–¥–æ–º–ª–µ–Ω–∏—è –≤ Telegram –≤–∫–ª—é—á–µ–Ω—ã
2025-12-22 22:11:00,156 - __main__ - INFO -   Chat ID: 5137113164
2025-12-22 22:11:00,669 - src.telegram_notifier - INFO - ‚úì –ë–æ—Ç @quizplease_parser_bot —É—Å–ø–µ—à–Ω–æ –ø–æ–¥–∫–ª—é—á–µ–Ω
2025-12-22 22:11:00,671 - src.telegram_notifier - INFO - –û—Ç–ø—Ä–∞–≤–∫–∞ —Ç–µ—Å—Ç–æ–≤–æ–≥–æ —Å–æ–æ–±—â–µ–Ω–∏—è...
2025-12-22 22:11:01,144 - __main__ - INFO - ============================================================
2025-12-22 22:11:01,144 - __main__ - INFO - –ó–∞–ø—É—Å–∫ –º–æ–Ω–∏—Ç–æ—Ä–∏–Ω–≥–∞ –∏–≥—Ä '–ö–≤–∏–∑, –ø–ª–∏–∑! KLG'
2025-12-22 22:11:01,144 - __main__ - INFO - ============================================================
2025-12-22 22:11:01,145 - __main__ - INFO - –ó–∞–≥—Ä—É–∂–µ–Ω–æ 3 –∏–≥—Ä –∏–∑ D:\–ù–µ—Ç–æ–ª–æ–≥–∏—è\quizplease_autoreg\data\classic_games.json
2025-12-22 22:11:01,145 - __main__ - INFO - –ù–∞—á–∏–Ω–∞–µ–º –ø–∞—Ä—Å–∏–Ω–≥ —Å—Ç—Ä–∞–Ω–∏—Ü—ã: https://klg.quizplease.ru/schedule
2025-12-22 22:11:01,765 - __main__ - INFO - –ù–∞–π–¥–µ–Ω–æ 15 –±–ª–æ–∫–æ–≤ —Å –∏–≥—Ä–∞–º–∏
2025-12-22 22:11:01,771 - __main__ - INFO - –£—Å–ø–µ—à–Ω–æ –æ–±—Ä–∞–±–æ—Ç–∞–Ω–æ 3 –∫–ª–∞—Å—Å–∏—á–µ—Å–∫–∏—Ö/–æ–±—ã—á–Ω—ã—Ö –∏–≥—Ä '–ö–≤–∏–∑, –ø–ª–∏–∑! KLG'
2025-12-22 22:11:01,774 - __main__ - INFO - –°–æ—Ö—Ä–∞–Ω–µ–Ω–æ 3 –∏–≥—Ä –≤ D:\–ù–µ—Ç–æ–ª–æ–≥–∏—è\quizplease_autoreg\data\classic_games.json
2025-12-22 22:11:01,774 - __main__ - INFO - –ù–æ–≤—ã—Ö –∏–≥—Ä –Ω–µ –Ω–∞–π–¥–µ–Ω–æ
2025-12-22 22:11:01,774 - __main__ - INFO - –ò–≥—Ä —Å –∏–∑–º–µ–Ω–µ–Ω–Ω—ã–º —Å—Ç–∞—Ç—É—Å–æ–º –Ω–µ –Ω–∞–π–¥–µ–Ω–æ
2025-12-22 22:11:02,856 - __main__ - INFO - –û—Ç–ø—Ä–∞–≤–∫–∞ –∏–≥—Ä—ã 1/3: #499
2025-12-22 22:11:03,335 - src.telegram_notifier - INFO - ‚úì –£–≤–µ–¥–æ–º–ª–µ–Ω–∏–µ –æ–± –∏–≥—Ä–µ #499 –æ—Ç–ø—Ä–∞–≤–ª–µ–Ω–æ –≤ Telegram
2025-12-22 22:11:03,837 - __main__ - INFO - –û—Ç–ø—Ä–∞–≤–∫–∞ –∏–≥—Ä—ã 2/3: #500
2025-12-22 22:11:04,299 - src.telegram_notifier - INFO - ‚úì –£–≤–µ–¥–æ–º–ª–µ–Ω–∏–µ –æ–± –∏–≥—Ä–µ #500 –æ—Ç–ø—Ä–∞–≤–ª–µ–Ω–æ –≤ Telegram
2025-12-22 22:11:04,801 - __main__ - INFO - –û—Ç–ø—Ä–∞–≤–∫–∞ –∏–≥—Ä—ã 3/3: #502
2025-12-22 22:11:05,317 - src.telegram_notifier - INFO - ‚úì –£–≤–µ–¥–æ–º–ª–µ–Ω–∏–µ –æ–± –∏–≥—Ä–µ #502 –æ—Ç–ø—Ä–∞–≤–ª–µ–Ω–æ –≤ Telegram
2025-12-22 22:11:05,819 - __main__ - INFO - 
==================================================
2025-12-22 22:11:05,819 - __main__ - INFO - –°–¢–ê–¢–ò–°–¢–ò–ö–ê –ú–û–ù–ò–¢–û–†–ò–ù–ì–ê:
2025-12-22 22:11:05,819 - __main__ - INFO - ==================================================
2025-12-22 22:11:05,819 - __main__ - INFO - –í—Å–µ–≥–æ –∏–≥—Ä: 3
2025-12-22 22:11:05,819 - __main__ - INFO - ‚úÖ –î–æ—Å—Ç—É–ø–Ω—ã–µ –¥–ª—è –∑–∞–ø–∏—Å–∏: 0
2025-12-22 22:11:05,820 - __main__ - INFO - ‚ö†Ô∏è  –ó–∞–ø–∏—Å—å –≤ —Ä–µ–∑–µ—Ä–≤: 3
2025-12-22 22:11:05,820 - __main__ - INFO - ‚ùì –ù–µ–∏–∑–≤–µ—Å—Ç–Ω—ã–π —Å—Ç–∞—Ç—É—Å: 0
2025-12-22 22:11:05,820 - __main__ - INFO - üéâ –ù–æ–≤—ã–µ –∏–≥—Ä—ã: 0
2025-12-22 22:11:05,820 - __main__ - INFO - üîÑ –ò–≥—Ä—ã —Å –∏–∑–º–µ–Ω–µ–Ω–Ω—ã–º —Å—Ç–∞—Ç—É—Å–æ–º: 0
2025-12-22 22:11:05,820 - __main__ - INFO - ==================================================
2025-12-22 22:11:05,820 - __main__ - INFO - –ú–æ–Ω–∏—Ç–æ—Ä–∏–Ω–≥ –∑–∞–≤–µ—Ä—à—ë–Ω —É—Å–ø–µ—à–Ω–æ!
2025-12-22 22:11:05,820 - __main__ - INFO - ==================================================
2025-12-22 22:29:26,307 - __main__ - INFO - ‚úì –ö–æ–Ω—Ñ–∏–≥—É—Ä–∞—Ü–∏—è —É—Å–ø–µ—à–Ω–æ –∑–∞–≥—Ä—É–∂–µ–Ω–∞ –∏–∑ config.py
2025-12-22 22:29:26,307 - __main__ - INFO -   Telegram —Ç–æ–∫–µ–Ω: 8121544932...pJEhM
2025-12-22 22:29:26,307 - __main__ - INFO -   Chat ID: 5137113164
2025-12-22 22:29:26,308 - __main__ - INFO -   –ë–∞–∑–æ–≤—ã–π URL: https://klg.quizplease.ru/schedule
2025-12-22 22:29:26,812 - src.telegram_notifier - INFO - ‚úì –ë–æ—Ç @quizplease_parser_bot —É—Å–ø–µ—à–Ω–æ –ø–æ–¥–∫–ª—é—á–µ–Ω
2025-12-22 22:29:26,813 - src.telegram_notifier - INFO - –û—Ç–ø—Ä–∞–≤–∫–∞ —Ç–µ—Å—Ç–æ–≤–æ–≥–æ —Å–æ–æ–±—â–µ–Ω–∏—è...
2025-12-22 22:29:27,275 - __main__ - INFO - ============================================================
2025-12-22 22:29:27,275 - __main__ - INFO - –ó–∞–ø—É—Å–∫ –º–æ–Ω–∏—Ç–æ—Ä–∏–Ω–≥–∞ –∏–≥—Ä '–ö–≤–∏–∑, –ø–ª–∏–∑! KLG'
2025-12-22 22:29:27,275 - __main__ - INFO - ============================================================
2025-12-22 22:29:27,275 - __main__ - INFO - –ó–∞–≥—Ä—É–∂–µ–Ω–æ 3 –∏–≥—Ä –∏–∑ D:\–ù–µ—Ç–æ–ª–æ–≥–∏—è\quizplease_autoreg\data\classic_games.json
2025-12-22 22:29:27,276 - __main__ - INFO - –ù–∞—á–∏–Ω–∞–µ–º –ø–∞—Ä—Å–∏–Ω–≥ —Å—Ç—Ä–∞–Ω–∏—Ü—ã: https://klg.quizplease.ru/schedule
2025-12-22 22:29:27,900 - __main__ - INFO - –ù–∞–π–¥–µ–Ω–æ 15 –±–ª–æ–∫–æ–≤ —Å –∏–≥—Ä–∞–º–∏
2025-12-22 22:29:27,906 - __main__ - INFO - –£—Å–ø–µ—à–Ω–æ –æ–±—Ä–∞–±–æ—Ç–∞–Ω–æ 3 –∫–ª–∞—Å—Å–∏—á–µ—Å–∫–∏—Ö/–æ–±—ã—á–Ω—ã—Ö –∏–≥—Ä '–ö–≤–∏–∑, –ø–ª–∏–∑! KLG'
2025-12-22 22:29:27,909 - __main__ - INFO - –°–æ—Ö—Ä–∞–Ω–µ–Ω–æ 3 –∏–≥—Ä –≤ D:\–ù–µ—Ç–æ–ª–æ–≥–∏—è\quizplease_autoreg\data\classic_games.json
2025-12-22 22:29:27,909 - __main__ - INFO - –ù–æ–≤—ã—Ö –∏–≥—Ä –Ω–µ –Ω–∞–π–¥–µ–Ω–æ
2025-12-22 22:29:27,909 - __main__ - INFO - –ò–≥—Ä —Å –∏–∑–º–µ–Ω–µ–Ω–Ω—ã–º —Å—Ç–∞—Ç—É—Å–æ–º –Ω–µ –Ω–∞–π–¥–µ–Ω–æ
2025-12-22 22:29:28,832 - __main__ - INFO - –û—Ç–ø—Ä–∞–≤–∫–∞ –∏–≥—Ä—ã 1/3: #499
2025-12-22 22:29:29,300 - src.telegram_notifier - INFO - ‚úì –£–≤–µ–¥–æ–º–ª–µ–Ω–∏–µ –æ–± –∏–≥—Ä–µ #499 –æ—Ç–ø—Ä–∞–≤–ª–µ–Ω–æ –≤ Telegram
2025-12-22 22:29:29,802 - __main__ - INFO - –û—Ç–ø—Ä–∞–≤–∫–∞ –∏–≥—Ä—ã 2/3: #500
2025-12-22 22:29:30,352 - src.telegram_notifier - INFO - ‚úì –£–≤–µ–¥–æ–º–ª–µ–Ω–∏–µ –æ–± –∏–≥—Ä–µ #500 –æ—Ç–ø—Ä–∞–≤–ª–µ–Ω–æ –≤ Telegram
2025-12-22 22:29:30,855 - __main__ - INFO - –û—Ç–ø—Ä–∞–≤–∫–∞ –∏–≥—Ä—ã 3/3: #502
2025-12-22 22:29:31,314 - src.telegram_notifier - INFO - ‚úì –£–≤–µ–¥–æ–º–ª–µ–Ω–∏–µ –æ–± –∏–≥—Ä–µ #502 –æ—Ç–ø—Ä–∞–≤–ª–µ–Ω–æ –≤ Telegram
2025-12-22 22:29:31,817 - __main__ - INFO - 
==================================================
2025-12-22 22:29:31,817 - __main__ - INFO - –°–¢–ê–¢–ò–°–¢–ò–ö–ê –ú–û–ù–ò–¢–û–†–ò–ù–ì–ê:
2025-12-22 22:29:31,817 - __main__ - INFO - ==================================================
2025-12-22 22:29:31,817 - __main__ - INFO - –í—Å–µ–≥–æ –∏–≥—Ä: 3
2025-12-22 22:29:31,817 - __main__ - INFO - ‚úÖ –î–æ—Å—Ç—É–ø–Ω—ã–µ –¥–ª—è –∑–∞–ø–∏—Å–∏: 0
2025-12-22 22:29:31,817 - __main__ - INFO - ‚ö†Ô∏è  –ó–∞–ø–∏—Å—å –≤ —Ä–µ–∑–µ—Ä–≤: 3
2025-12-22 22:29:31,817 - __main__ - INFO - ‚ùì –ù–µ–∏–∑–≤–µ—Å—Ç–Ω—ã–π —Å—Ç–∞—Ç—É—Å: 0
2025-12-22 22:29:31,817 - __main__ - INFO - üéâ –ù–æ–≤—ã–µ –∏–≥—Ä—ã: 0
2025-12-22 22:29:31,817 - __main__ - INFO - üîÑ –ò–≥—Ä—ã —Å –∏–∑–º–µ–Ω–µ–Ω–Ω—ã–º —Å—Ç–∞—Ç—É—Å–æ–º: 0
2025-12-22 22:29:31,817 - __main__ - INFO - ==================================================
2025-12-22 22:29:31,817 - __main__ - INFO - –ú–æ–Ω–∏—Ç–æ—Ä–∏–Ω–≥ –∑–∞–≤–µ—Ä—à—ë–Ω —É—Å–ø–µ—à–Ω–æ!
2025-12-22 22:29:31,817 - __main__ - INFO - ==================================================
2025-12-29 00:37:02,239 - __main__ - INFO - ‚úì –ö–æ–Ω—Ñ–∏–≥—É—Ä–∞—Ü–∏—è —É—Å–ø–µ—à–Ω–æ –∑–∞–≥—Ä—É–∂–µ–Ω–∞ –∏–∑ config.py
2025-12-29 00:37:02,239 - __main__ - INFO -   Telegram —Ç–æ–∫–µ–Ω: 8518516157...HnI6A
2025-12-29 00:37:02,240 - __main__ - INFO -   Chat ID: 5137113164
2025-12-29 00:37:02,240 - __main__ - INFO -   –ë–∞–∑–æ–≤—ã–π URL: https://klg.quizplease.ru/schedule
2025-12-29 00:37:02,244 - __main__ - WARNING - –ú–æ–¥—É–ª—å telegram_notifier –Ω–µ –Ω–∞–π–¥–µ–Ω. –£—Å—Ç–∞–Ω–æ–≤–∏—Ç–µ –∑–∞–≤–∏—Å–∏–º–æ—Å—Ç–∏.
2025-12-29 00:37:02,244 - __main__ - INFO - ============================================================
2025-12-29 00:37:02,244 - __main__ - INFO - –ó–∞–ø—É—Å–∫ –º–æ–Ω–∏—Ç–æ—Ä–∏–Ω–≥–∞ –∏–≥—Ä '–ö–≤–∏–∑, –ø–ª–∏–∑! KLG'
2025-12-29 00:37:02,244 - __main__ - INFO - ============================================================
2025-12-29 00:37:02,246 - __main__ - INFO - –ó–∞–≥—Ä—É–∂–µ–Ω–æ 3 –∏–≥—Ä –∏–∑ d:\–ù–µ—Ç–æ–ª–æ–≥–∏—è\Portfolio\quizplease_autoreg\data\classic_games.json
2025-12-29 00:37:02,246 - __main__ - INFO - –ù–∞—á–∏–Ω–∞–µ–º –ø–∞—Ä—Å–∏–Ω–≥ —Å—Ç—Ä–∞–Ω–∏—Ü—ã: https://klg.quizplease.ru/schedule
2025-12-29 00:37:03,285 - __main__ - INFO - –ù–∞–π–¥–µ–Ω–æ 12 –±–ª–æ–∫–æ–≤ —Å –∏–≥—Ä–∞–º–∏
2025-12-29 00:37:03,290 - __main__ - INFO - –£—Å–ø–µ—à–Ω–æ –æ–±—Ä–∞–±–æ—Ç–∞–Ω–æ 2 –∫–ª–∞—Å—Å–∏—á–µ—Å–∫–∏—Ö/–æ–±—ã—á–Ω—ã—Ö –∏–≥—Ä '–ö–≤–∏–∑, –ø–ª–∏–∑! KLG'
2025-12-29 00:37:03,293 - __main__ - INFO - –°–æ—Ö—Ä–∞–Ω–µ–Ω–æ 2 –∏–≥—Ä –≤ d:\–ù–µ—Ç–æ–ª–æ–≥–∏—è\Portfolio\quizplease_autoreg\data\classic_games.json
2025-12-29 00:37:03,293 - __main__ - INFO - –ù–∞–π–¥–µ–Ω–æ 2 –Ω–æ–≤—ã—Ö –∏–≥—Ä
2025-12-29 00:37:03,293 - __main__ - INFO - –ò–≥—Ä —Å –∏–∑–º–µ–Ω–µ–Ω–Ω—ã–º —Å—Ç–∞—Ç—É—Å–æ–º –Ω–µ –Ω–∞–π–¥–µ–Ω–æ
2025-12-29 00:37:03,294 - __main__ - INFO - 
==================================================
2025-12-29 00:37:03,294 - __main__ - INFO - –°–¢–ê–¢–ò–°–¢–ò–ö–ê –ú–û–ù–ò–¢–û–†–ò–ù–ì–ê:
2025-12-29 00:37:03,294 - __main__ - INFO - ==================================================
2025-12-29 00:37:03,294 - __main__ - INFO - –í—Å–µ–≥–æ –∏–≥—Ä: 2
2025-12-29 00:37:03,295 - __main__ - INFO - ‚úÖ –î–æ—Å—Ç—É–ø–Ω—ã–µ –¥–ª—è –∑–∞–ø–∏—Å–∏: 0
2025-12-29 00:37:03,295 - __main__ - INFO - ‚ö†Ô∏è  –ó–∞–ø–∏—Å—å –≤ —Ä–µ–∑–µ—Ä–≤: 2
2025-12-29 00:37:03,295 - __main__ - INFO - ‚ùì –ù–µ–∏–∑–≤–µ—Å—Ç–Ω—ã–π —Å—Ç–∞—Ç—É—Å: 0
2025-12-29 00:37:03,295 - __main__ - INFO - üéâ –ù–æ–≤—ã–µ –∏–≥—Ä—ã: 2
2025-12-29 00:37:03,296 - __main__ - INFO - üîÑ –ò–≥—Ä—ã —Å –∏–∑–º–µ–Ω–µ–Ω–Ω—ã–º —Å—Ç–∞—Ç—É—Å–æ–º: 0
2025-12-29 00:37:03,297 - __main__ - INFO - ==================================================
2025-12-29 00:37:03,297 - __main__ - INFO - –ú–æ–Ω–∏—Ç–æ—Ä–∏–Ω–≥ –∑–∞–≤–µ—Ä—à—ë–Ω —É—Å–ø–µ—à–Ω–æ!
2025-12-29 00:37:03,297 - __main__ - INFO - ==================================================
